[0.012s] Invoking command in '/home/teety/GitHub/FUN3-5/build/motorsim': CMAKE_PREFIX_PATH=${CMAKE_PREFIX_PATH}:/home/teety/ros2_ws/install/launch_testing_examples:/home/teety/ros2_ws/install/examples_rclpy_pointcloud_publisher:/home/teety/ros2_ws/install/examples_rclpy_minimal_subscriber:/home/teety/ros2_ws/install/examples_rclpy_minimal_service:/home/teety/ros2_ws/install/examples_rclpy_minimal_publisher:/home/teety/ros2_ws/install/examples_rclpy_minimal_client:/home/teety/ros2_ws/install/examples_rclpy_minimal_action_server:/home/teety/ros2_ws/install/examples_rclpy_minimal_action_client:/home/teety/ros2_ws/install/examples_rclpy_guard_conditions:/home/teety/ros2_ws/install/examples_rclpy_executors:/home/teety/microros_ws/install/sensor_msgs_py:/opt/ros/humble /usr/local/bin/cmake /home/teety/GitHub/FUN3-5/src/motorsim -DCMAKE_INSTALL_PREFIX=/home/teety/GitHub/FUN3-5/install/motorsim
[0.143s] -- The C compiler identification is GNU 11.4.0
[0.266s] -- The CXX compiler identification is GNU 11.4.0
[0.276s] -- Detecting C compiler ABI info
[0.338s] -- Detecting C compiler ABI info - done
[0.342s] -- Check for working C compiler: /usr/bin/cc - skipped
[0.343s] -- Detecting C compile features
[0.344s] -- Detecting C compile features - done
[0.347s] -- Detecting CXX compiler ABI info
[0.412s] -- Detecting CXX compiler ABI info - done
[0.416s] -- Check for working CXX compiler: /usr/bin/c++ - skipped
[0.416s] -- Detecting CXX compile features
[0.417s] -- Detecting CXX compile features - done
[0.428s] -- Found ament_cmake: 1.3.10 (/opt/ros/humble/share/ament_cmake/cmake)
[0.568s] -- Found Python3: /usr/bin/python3 (found version "3.10.12") found components: Interpreter 
[0.686s] -- Found rclcpp: 16.0.10 (/opt/ros/humble/share/rclcpp/cmake)
[0.763s] -- Found rosidl_generator_c: 3.1.5 (/opt/ros/humble/share/rosidl_generator_c/cmake)
[0.771s] -- Found rosidl_adapter: 3.1.5 (/opt/ros/humble/share/rosidl_adapter/cmake)
[0.782s] -- Found rosidl_generator_cpp: 3.1.5 (/opt/ros/humble/share/rosidl_generator_cpp/cmake)
[0.796s] -- Using all available rosidl_typesupport_c: rosidl_typesupport_microxrcedds_c;rosidl_typesupport_fastrtps_c;rosidl_typesupport_introspection_c
[0.819s] -- Using all available rosidl_typesupport_cpp: rosidl_typesupport_microxrcedds_cpp;rosidl_typesupport_fastrtps_cpp;rosidl_typesupport_introspection_cpp
[0.891s] -- Found rmw_implementation_cmake: 6.1.2 (/opt/ros/humble/share/rmw_implementation_cmake/cmake)
[0.898s] -- Found rmw_fastrtps_cpp: 6.2.7 (/opt/ros/humble/share/rmw_fastrtps_cpp/cmake)
[1.013s] -- Found OpenSSL: /usr/lib/x86_64-linux-gnu/libcrypto.so (found version "3.0.2")  
[1.036s] -- Found FastRTPS: /opt/ros/humble/include  
[1.069s] -- Using RMW implementation 'rmw_fastrtps_cpp' as default
[1.087s] -- Looking for pthread.h
[1.150s] -- Looking for pthread.h - found
[1.150s] -- Performing Test CMAKE_HAVE_LIBC_PTHREAD
[1.203s] -- Performing Test CMAKE_HAVE_LIBC_PTHREAD - Success
[1.203s] -- Found Threads: TRUE  
[1.259s] -- Found rclpy: 3.3.14 (/opt/ros/humble/share/rclpy/cmake)
[1.368s] -- Configuring done
[1.373s] -- Generating done
[1.373s] -- Build files have been written to: /home/teety/GitHub/FUN3-5/build/motorsim
[1.378s] Invoked command in '/home/teety/GitHub/FUN3-5/build/motorsim' returned '0': CMAKE_PREFIX_PATH=${CMAKE_PREFIX_PATH}:/home/teety/ros2_ws/install/launch_testing_examples:/home/teety/ros2_ws/install/examples_rclpy_pointcloud_publisher:/home/teety/ros2_ws/install/examples_rclpy_minimal_subscriber:/home/teety/ros2_ws/install/examples_rclpy_minimal_service:/home/teety/ros2_ws/install/examples_rclpy_minimal_publisher:/home/teety/ros2_ws/install/examples_rclpy_minimal_client:/home/teety/ros2_ws/install/examples_rclpy_minimal_action_server:/home/teety/ros2_ws/install/examples_rclpy_minimal_action_client:/home/teety/ros2_ws/install/examples_rclpy_guard_conditions:/home/teety/ros2_ws/install/examples_rclpy_executors:/home/teety/microros_ws/install/sensor_msgs_py:/opt/ros/humble /usr/local/bin/cmake /home/teety/GitHub/FUN3-5/src/motorsim -DCMAKE_INSTALL_PREFIX=/home/teety/GitHub/FUN3-5/install/motorsim
[1.380s] Invoking command in '/home/teety/GitHub/FUN3-5/build/motorsim': CMAKE_PREFIX_PATH=${CMAKE_PREFIX_PATH}:/home/teety/ros2_ws/install/launch_testing_examples:/home/teety/ros2_ws/install/examples_rclpy_pointcloud_publisher:/home/teety/ros2_ws/install/examples_rclpy_minimal_subscriber:/home/teety/ros2_ws/install/examples_rclpy_minimal_service:/home/teety/ros2_ws/install/examples_rclpy_minimal_publisher:/home/teety/ros2_ws/install/examples_rclpy_minimal_client:/home/teety/ros2_ws/install/examples_rclpy_minimal_action_server:/home/teety/ros2_ws/install/examples_rclpy_minimal_action_client:/home/teety/ros2_ws/install/examples_rclpy_guard_conditions:/home/teety/ros2_ws/install/examples_rclpy_executors:/home/teety/microros_ws/install/sensor_msgs_py:/opt/ros/humble /usr/local/bin/cmake --build /home/teety/GitHub/FUN3-5/build/motorsim -- -j20 -l20
[1.421s] [ 50%] [32mBuilding CXX object CMakeFiles/cpp_node_test.dir/src/cpp_node.cpp.o[0m
[1.426s] [ 50%] Built target ament_cmake_python_copy_motorsim
[1.587s] running egg_info
[1.587s] creating motorsim.egg-info
[1.587s] writing motorsim.egg-info/PKG-INFO
[1.588s] writing dependency_links to motorsim.egg-info/dependency_links.txt
[1.588s] writing top-level names to motorsim.egg-info/top_level.txt
[1.588s] writing manifest file 'motorsim.egg-info/SOURCES.txt'
[1.590s] reading manifest file 'motorsim.egg-info/SOURCES.txt'
[1.590s] writing manifest file 'motorsim.egg-info/SOURCES.txt'
[1.606s] [ 50%] Built target ament_cmake_python_build_motorsim_egg
[1.644s] [100%] [32m[1mLinking CXX executable cpp_node_test[0m
[1.725s] [100%] Built target cpp_node_test
[1.736s] Invoked command in '/home/teety/GitHub/FUN3-5/build/motorsim' returned '0': CMAKE_PREFIX_PATH=${CMAKE_PREFIX_PATH}:/home/teety/ros2_ws/install/launch_testing_examples:/home/teety/ros2_ws/install/examples_rclpy_pointcloud_publisher:/home/teety/ros2_ws/install/examples_rclpy_minimal_subscriber:/home/teety/ros2_ws/install/examples_rclpy_minimal_service:/home/teety/ros2_ws/install/examples_rclpy_minimal_publisher:/home/teety/ros2_ws/install/examples_rclpy_minimal_client:/home/teety/ros2_ws/install/examples_rclpy_minimal_action_server:/home/teety/ros2_ws/install/examples_rclpy_minimal_action_client:/home/teety/ros2_ws/install/examples_rclpy_guard_conditions:/home/teety/ros2_ws/install/examples_rclpy_executors:/home/teety/microros_ws/install/sensor_msgs_py:/opt/ros/humble /usr/local/bin/cmake --build /home/teety/GitHub/FUN3-5/build/motorsim -- -j20 -l20
[1.774s] Invoking command in '/home/teety/GitHub/FUN3-5/build/motorsim': CMAKE_PREFIX_PATH=${CMAKE_PREFIX_PATH}:/home/teety/ros2_ws/install/launch_testing_examples:/home/teety/ros2_ws/install/examples_rclpy_pointcloud_publisher:/home/teety/ros2_ws/install/examples_rclpy_minimal_subscriber:/home/teety/ros2_ws/install/examples_rclpy_minimal_service:/home/teety/ros2_ws/install/examples_rclpy_minimal_publisher:/home/teety/ros2_ws/install/examples_rclpy_minimal_client:/home/teety/ros2_ws/install/examples_rclpy_minimal_action_server:/home/teety/ros2_ws/install/examples_rclpy_minimal_action_client:/home/teety/ros2_ws/install/examples_rclpy_guard_conditions:/home/teety/ros2_ws/install/examples_rclpy_executors:/home/teety/microros_ws/install/sensor_msgs_py:/opt/ros/humble /usr/local/bin/cmake --install /home/teety/GitHub/FUN3-5/build/motorsim
[1.781s] -- Install configuration: ""
[1.781s] -- Installing: /home/teety/GitHub/FUN3-5/install/motorsim/share/motorsim/environment/pythonpath.sh
[1.781s] -- Installing: /home/teety/GitHub/FUN3-5/install/motorsim/share/motorsim/environment/pythonpath.dsv
[1.781s] -- Installing: /home/teety/GitHub/FUN3-5/install/motorsim/local/lib/python3.10/dist-packages/motorsim-0.0.0-py3.10.egg-info
[1.781s] -- Installing: /home/teety/GitHub/FUN3-5/install/motorsim/local/lib/python3.10/dist-packages/motorsim-0.0.0-py3.10.egg-info/top_level.txt
[1.781s] -- Installing: /home/teety/GitHub/FUN3-5/install/motorsim/local/lib/python3.10/dist-packages/motorsim-0.0.0-py3.10.egg-info/dependency_links.txt
[1.781s] -- Installing: /home/teety/GitHub/FUN3-5/install/motorsim/local/lib/python3.10/dist-packages/motorsim-0.0.0-py3.10.egg-info/PKG-INFO
[1.781s] -- Installing: /home/teety/GitHub/FUN3-5/install/motorsim/local/lib/python3.10/dist-packages/motorsim-0.0.0-py3.10.egg-info/SOURCES.txt
[1.781s] -- Installing: /home/teety/GitHub/FUN3-5/install/motorsim/local/lib/python3.10/dist-packages/motorsim
[1.781s] -- Installing: /home/teety/GitHub/FUN3-5/install/motorsim/local/lib/python3.10/dist-packages/motorsim/__init__.py
[1.781s] -- Installing: /home/teety/GitHub/FUN3-5/install/motorsim/local/lib/python3.10/dist-packages/motorsim/dummy_module.py
[1.781s] -- Installing: /home/teety/GitHub/FUN3-5/install/motorsim/local/lib/python3.10/dist-packages/motorsim/dc_motor_model.py
[1.781s] -- Installing: /home/teety/GitHub/FUN3-5/install/motorsim/local/lib/python3.10/dist-packages/motorsim/pid_controller.py
[1.814s] Listing '/home/teety/GitHub/FUN3-5/install/motorsim/local/lib/python3.10/dist-packages/motorsim'...
[1.814s] Compiling '/home/teety/GitHub/FUN3-5/install/motorsim/local/lib/python3.10/dist-packages/motorsim/__init__.py'...
[1.814s] Compiling '/home/teety/GitHub/FUN3-5/install/motorsim/local/lib/python3.10/dist-packages/motorsim/dc_motor_model.py'...
[1.814s] Compiling '/home/teety/GitHub/FUN3-5/install/motorsim/local/lib/python3.10/dist-packages/motorsim/dummy_module.py'...
[1.814s] Compiling '/home/teety/GitHub/FUN3-5/install/motorsim/local/lib/python3.10/dist-packages/motorsim/pid_controller.py'...
[1.816s] -- Installing: /home/teety/GitHub/FUN3-5/install/motorsim/lib/motorsim/dummy_script.py
[1.816s] -- Installing: /home/teety/GitHub/FUN3-5/install/motorsim/lib/motorsim/random_point_node.py
[1.816s] -- Installing: /home/teety/GitHub/FUN3-5/install/motorsim/lib/motorsim/encoder_node.py
[1.817s] -- Installing: /home/teety/GitHub/FUN3-5/install/motorsim/lib/motorsim/scheduler_node.py
[1.817s] -- Installing: /home/teety/GitHub/FUN3-5/install/motorsim/lib/motorsim/dc_motor_node.py
[1.817s] -- Installing: /home/teety/GitHub/FUN3-5/install/motorsim/lib/motorsim/motorsim_node.py
[1.817s] -- Installing: /home/teety/GitHub/FUN3-5/install/motorsim/lib/motorsim/controller_node.py
[1.817s] -- Installing: /home/teety/GitHub/FUN3-5/install/motorsim/lib/motorsim/cpp_node_test
[1.817s] -- Set runtime path of "/home/teety/GitHub/FUN3-5/install/motorsim/lib/motorsim/cpp_node_test" to ""
[1.817s] -- Installing: /home/teety/GitHub/FUN3-5/install/motorsim/share/motorsim/scripts
[1.817s] -- Installing: /home/teety/GitHub/FUN3-5/install/motorsim/share/motorsim/scripts/encoder_node.py
[1.817s] -- Installing: /home/teety/GitHub/FUN3-5/install/motorsim/share/motorsim/scripts/scheduler_node.py
[1.817s] -- Installing: /home/teety/GitHub/FUN3-5/install/motorsim/share/motorsim/scripts/controller_node.py
[1.817s] -- Installing: /home/teety/GitHub/FUN3-5/install/motorsim/share/motorsim/scripts/random_point_node.py
[1.818s] -- Installing: /home/teety/GitHub/FUN3-5/install/motorsim/share/motorsim/scripts/dummy_script.py
[1.818s] -- Installing: /home/teety/GitHub/FUN3-5/install/motorsim/share/motorsim/scripts/motorsim_node.py
[1.818s] -- Installing: /home/teety/GitHub/FUN3-5/install/motorsim/share/motorsim/scripts/dc_motor_node.py
[1.818s] -- Installing: /home/teety/GitHub/FUN3-5/install/motorsim/share/motorsim/motorsim
[1.818s] -- Installing: /home/teety/GitHub/FUN3-5/install/motorsim/share/motorsim/motorsim/__init__.py
[1.818s] -- Installing: /home/teety/GitHub/FUN3-5/install/motorsim/share/motorsim/motorsim/dummy_module.py
[1.818s] -- Installing: /home/teety/GitHub/FUN3-5/install/motorsim/share/motorsim/motorsim/dc_motor_model.py
[1.818s] -- Installing: /home/teety/GitHub/FUN3-5/install/motorsim/share/motorsim/motorsim/pid_controller.py
[1.818s] -- Installing: /home/teety/GitHub/FUN3-5/install/motorsim/share/motorsim/launch
[1.818s] -- Installing: /home/teety/GitHub/FUN3-5/install/motorsim/share/motorsim/launch/motorsim.launch.py
[1.818s] -- Installing: /home/teety/GitHub/FUN3-5/install/motorsim/share/ament_index/resource_index/package_run_dependencies/motorsim
[1.818s] -- Installing: /home/teety/GitHub/FUN3-5/install/motorsim/share/ament_index/resource_index/parent_prefix_path/motorsim
[1.818s] -- Installing: /home/teety/GitHub/FUN3-5/install/motorsim/share/motorsim/environment/ament_prefix_path.sh
[1.818s] -- Installing: /home/teety/GitHub/FUN3-5/install/motorsim/share/motorsim/environment/ament_prefix_path.dsv
[1.819s] -- Installing: /home/teety/GitHub/FUN3-5/install/motorsim/share/motorsim/environment/path.sh
[1.819s] -- Installing: /home/teety/GitHub/FUN3-5/install/motorsim/share/motorsim/environment/path.dsv
[1.819s] -- Installing: /home/teety/GitHub/FUN3-5/install/motorsim/share/motorsim/local_setup.bash
[1.819s] -- Installing: /home/teety/GitHub/FUN3-5/install/motorsim/share/motorsim/local_setup.sh
[1.819s] -- Installing: /home/teety/GitHub/FUN3-5/install/motorsim/share/motorsim/local_setup.zsh
[1.819s] -- Installing: /home/teety/GitHub/FUN3-5/install/motorsim/share/motorsim/local_setup.dsv
[1.819s] -- Installing: /home/teety/GitHub/FUN3-5/install/motorsim/share/motorsim/package.dsv
[1.819s] -- Installing: /home/teety/GitHub/FUN3-5/install/motorsim/share/ament_index/resource_index/packages/motorsim
[1.819s] -- Installing: /home/teety/GitHub/FUN3-5/install/motorsim/share/motorsim/cmake/motorsimConfig.cmake
[1.819s] -- Installing: /home/teety/GitHub/FUN3-5/install/motorsim/share/motorsim/cmake/motorsimConfig-version.cmake
[1.819s] -- Installing: /home/teety/GitHub/FUN3-5/install/motorsim/share/motorsim/package.xml
[1.820s] Invoked command in '/home/teety/GitHub/FUN3-5/build/motorsim' returned '0': CMAKE_PREFIX_PATH=${CMAKE_PREFIX_PATH}:/home/teety/ros2_ws/install/launch_testing_examples:/home/teety/ros2_ws/install/examples_rclpy_pointcloud_publisher:/home/teety/ros2_ws/install/examples_rclpy_minimal_subscriber:/home/teety/ros2_ws/install/examples_rclpy_minimal_service:/home/teety/ros2_ws/install/examples_rclpy_minimal_publisher:/home/teety/ros2_ws/install/examples_rclpy_minimal_client:/home/teety/ros2_ws/install/examples_rclpy_minimal_action_server:/home/teety/ros2_ws/install/examples_rclpy_minimal_action_client:/home/teety/ros2_ws/install/examples_rclpy_guard_conditions:/home/teety/ros2_ws/install/examples_rclpy_executors:/home/teety/microros_ws/install/sensor_msgs_py:/opt/ros/humble /usr/local/bin/cmake --install /home/teety/GitHub/FUN3-5/build/motorsim
