[35m[1mConsolidate compiler generated dependencies of target cpp_node_test[0m
[100%] Built target cpp_node_test
[100%] Built target ament_cmake_python_copy_motorsim
running egg_info
writing motorsim.egg-info/PKG-INFO
writing dependency_links to motorsim.egg-info/dependency_links.txt
writing top-level names to motorsim.egg-info/top_level.txt
reading manifest file 'motorsim.egg-info/SOURCES.txt'
writing manifest file 'motorsim.egg-info/SOURCES.txt'
[100%] Built target ament_cmake_python_build_motorsim_egg
-- Install configuration: ""
-- Up-to-date: /home/teety/GitHub/FUN3-5/install/motorsim/share/motorsim/environment/pythonpath.sh
-- Up-to-date: /home/teety/GitHub/FUN3-5/install/motorsim/share/motorsim/environment/pythonpath.dsv
-- Up-to-date: /home/teety/GitHub/FUN3-5/install/motorsim/local/lib/python3.10/dist-packages/motorsim-0.0.0-py3.10.egg-info
-- Installing: /home/teety/GitHub/FUN3-5/install/motorsim/local/lib/python3.10/dist-packages/motorsim-0.0.0-py3.10.egg-info/top_level.txt
-- Installing: /home/teety/GitHub/FUN3-5/install/motorsim/local/lib/python3.10/dist-packages/motorsim-0.0.0-py3.10.egg-info/dependency_links.txt
-- Installing: /home/teety/GitHub/FUN3-5/install/motorsim/local/lib/python3.10/dist-packages/motorsim-0.0.0-py3.10.egg-info/PKG-INFO
-- Installing: /home/teety/GitHub/FUN3-5/install/motorsim/local/lib/python3.10/dist-packages/motorsim-0.0.0-py3.10.egg-info/SOURCES.txt
-- Up-to-date: /home/teety/GitHub/FUN3-5/install/motorsim/local/lib/python3.10/dist-packages/motorsim
-- Up-to-date: /home/teety/GitHub/FUN3-5/install/motorsim/local/lib/python3.10/dist-packages/motorsim/__init__.py
-- Up-to-date: /home/teety/GitHub/FUN3-5/install/motorsim/local/lib/python3.10/dist-packages/motorsim/dummy_module.py
-- Up-to-date: /home/teety/GitHub/FUN3-5/install/motorsim/local/lib/python3.10/dist-packages/motorsim/dc_motor_model.py
-- Up-to-date: /home/teety/GitHub/FUN3-5/install/motorsim/local/lib/python3.10/dist-packages/motorsim/pid_controller.py
Listing '/home/teety/GitHub/FUN3-5/install/motorsim/local/lib/python3.10/dist-packages/motorsim'...
-- Up-to-date: /home/teety/GitHub/FUN3-5/install/motorsim/lib/motorsim/dummy_script.py
-- Up-to-date: /home/teety/GitHub/FUN3-5/install/motorsim/lib/motorsim/random_point_node.py
-- Up-to-date: /home/teety/GitHub/FUN3-5/install/motorsim/lib/motorsim/encoder_node.py
-- Up-to-date: /home/teety/GitHub/FUN3-5/install/motorsim/lib/motorsim/scheduler_node.py
-- Up-to-date: /home/teety/GitHub/FUN3-5/install/motorsim/lib/motorsim/dc_motor_node.py
-- Up-to-date: /home/teety/GitHub/FUN3-5/install/motorsim/lib/motorsim/motorsim_node.py
-- Up-to-date: /home/teety/GitHub/FUN3-5/install/motorsim/lib/motorsim/controller_node.py
-- Up-to-date: /home/teety/GitHub/FUN3-5/install/motorsim/lib/motorsim/cpp_node_test
-- Up-to-date: /home/teety/GitHub/FUN3-5/install/motorsim/share/motorsim/scripts
-- Up-to-date: /home/teety/GitHub/FUN3-5/install/motorsim/share/motorsim/scripts/encoder_node.py
-- Up-to-date: /home/teety/GitHub/FUN3-5/install/motorsim/share/motorsim/scripts/scheduler_node.py
-- Up-to-date: /home/teety/GitHub/FUN3-5/install/motorsim/share/motorsim/scripts/controller_node.py
-- Up-to-date: /home/teety/GitHub/FUN3-5/install/motorsim/share/motorsim/scripts/random_point_node.py
-- Up-to-date: /home/teety/GitHub/FUN3-5/install/motorsim/share/motorsim/scripts/dummy_script.py
-- Up-to-date: /home/teety/GitHub/FUN3-5/install/motorsim/share/motorsim/scripts/motorsim_node.py
-- Up-to-date: /home/teety/GitHub/FUN3-5/install/motorsim/share/motorsim/scripts/dc_motor_node.py
-- Up-to-date: /home/teety/GitHub/FUN3-5/install/motorsim/share/motorsim/motorsim
-- Up-to-date: /home/teety/GitHub/FUN3-5/install/motorsim/share/motorsim/motorsim/__init__.py
-- Up-to-date: /home/teety/GitHub/FUN3-5/install/motorsim/share/motorsim/motorsim/dummy_module.py
-- Up-to-date: /home/teety/GitHub/FUN3-5/install/motorsim/share/motorsim/motorsim/dc_motor_model.py
-- Up-to-date: /home/teety/GitHub/FUN3-5/install/motorsim/share/motorsim/motorsim/pid_controller.py
-- Up-to-date: /home/teety/GitHub/FUN3-5/install/motorsim/share/motorsim/launch
-- Up-to-date: /home/teety/GitHub/FUN3-5/install/motorsim/share/motorsim/launch/motorsim.launch.py
-- Up-to-date: /home/teety/GitHub/FUN3-5/install/motorsim/share/ament_index/resource_index/package_run_dependencies/motorsim
-- Up-to-date: /home/teety/GitHub/FUN3-5/install/motorsim/share/ament_index/resource_index/parent_prefix_path/motorsim
-- Up-to-date: /home/teety/GitHub/FUN3-5/install/motorsim/share/motorsim/environment/ament_prefix_path.sh
-- Up-to-date: /home/teety/GitHub/FUN3-5/install/motorsim/share/motorsim/environment/ament_prefix_path.dsv
-- Up-to-date: /home/teety/GitHub/FUN3-5/install/motorsim/share/motorsim/environment/path.sh
-- Up-to-date: /home/teety/GitHub/FUN3-5/install/motorsim/share/motorsim/environment/path.dsv
-- Up-to-date: /home/teety/GitHub/FUN3-5/install/motorsim/share/motorsim/local_setup.bash
-- Up-to-date: /home/teety/GitHub/FUN3-5/install/motorsim/share/motorsim/local_setup.sh
-- Up-to-date: /home/teety/GitHub/FUN3-5/install/motorsim/share/motorsim/local_setup.zsh
-- Up-to-date: /home/teety/GitHub/FUN3-5/install/motorsim/share/motorsim/local_setup.dsv
-- Up-to-date: /home/teety/GitHub/FUN3-5/install/motorsim/share/motorsim/package.dsv
-- Up-to-date: /home/teety/GitHub/FUN3-5/install/motorsim/share/ament_index/resource_index/packages/motorsim
-- Up-to-date: /home/teety/GitHub/FUN3-5/install/motorsim/share/motorsim/cmake/motorsimConfig.cmake
-- Up-to-date: /home/teety/GitHub/FUN3-5/install/motorsim/share/motorsim/cmake/motorsimConfig-version.cmake
-- Up-to-date: /home/teety/GitHub/FUN3-5/install/motorsim/share/motorsim/package.xml
