[0.011s] Invoking command in '/home/teety/GitHub/FUN3-5/build/motorsim': CMAKE_PREFIX_PATH=${CMAKE_PREFIX_PATH}:/home/teety/ros2_ws/install/launch_testing_examples:/home/teety/ros2_ws/install/examples_rclpy_pointcloud_publisher:/home/teety/ros2_ws/install/examples_rclpy_minimal_subscriber:/home/teety/ros2_ws/install/examples_rclpy_minimal_service:/home/teety/ros2_ws/install/examples_rclpy_minimal_publisher:/home/teety/ros2_ws/install/examples_rclpy_minimal_client:/home/teety/ros2_ws/install/examples_rclpy_minimal_action_server:/home/teety/ros2_ws/install/examples_rclpy_minimal_action_client:/home/teety/ros2_ws/install/examples_rclpy_guard_conditions:/home/teety/ros2_ws/install/examples_rclpy_executors:/home/teety/microros_ws/install/sensor_msgs_py:/opt/ros/humble /usr/local/bin/cmake --build /home/teety/GitHub/FUN3-5/build/motorsim -- -j20 -l20
[0.044s] [35m[1mConsolidate compiler generated dependencies of target cpp_node_test[0m
[0.054s] [100%] Built target cpp_node_test
[0.060s] [100%] Built target ament_cmake_python_copy_motorsim
[0.219s] running egg_info
[0.219s] writing motorsim.egg-info/PKG-INFO
[0.219s] writing dependency_links to motorsim.egg-info/dependency_links.txt
[0.219s] writing top-level names to motorsim.egg-info/top_level.txt
[0.220s] reading manifest file 'motorsim.egg-info/SOURCES.txt'
[0.221s] writing manifest file 'motorsim.egg-info/SOURCES.txt'
[0.238s] [100%] Built target ament_cmake_python_build_motorsim_egg
[0.246s] Invoked command in '/home/teety/GitHub/FUN3-5/build/motorsim' returned '0': CMAKE_PREFIX_PATH=${CMAKE_PREFIX_PATH}:/home/teety/ros2_ws/install/launch_testing_examples:/home/teety/ros2_ws/install/examples_rclpy_pointcloud_publisher:/home/teety/ros2_ws/install/examples_rclpy_minimal_subscriber:/home/teety/ros2_ws/install/examples_rclpy_minimal_service:/home/teety/ros2_ws/install/examples_rclpy_minimal_publisher:/home/teety/ros2_ws/install/examples_rclpy_minimal_client:/home/teety/ros2_ws/install/examples_rclpy_minimal_action_server:/home/teety/ros2_ws/install/examples_rclpy_minimal_action_client:/home/teety/ros2_ws/install/examples_rclpy_guard_conditions:/home/teety/ros2_ws/install/examples_rclpy_executors:/home/teety/microros_ws/install/sensor_msgs_py:/opt/ros/humble /usr/local/bin/cmake --build /home/teety/GitHub/FUN3-5/build/motorsim -- -j20 -l20
[0.282s] Invoking command in '/home/teety/GitHub/FUN3-5/build/motorsim': CMAKE_PREFIX_PATH=${CMAKE_PREFIX_PATH}:/home/teety/ros2_ws/install/launch_testing_examples:/home/teety/ros2_ws/install/examples_rclpy_pointcloud_publisher:/home/teety/ros2_ws/install/examples_rclpy_minimal_subscriber:/home/teety/ros2_ws/install/examples_rclpy_minimal_service:/home/teety/ros2_ws/install/examples_rclpy_minimal_publisher:/home/teety/ros2_ws/install/examples_rclpy_minimal_client:/home/teety/ros2_ws/install/examples_rclpy_minimal_action_server:/home/teety/ros2_ws/install/examples_rclpy_minimal_action_client:/home/teety/ros2_ws/install/examples_rclpy_guard_conditions:/home/teety/ros2_ws/install/examples_rclpy_executors:/home/teety/microros_ws/install/sensor_msgs_py:/opt/ros/humble /usr/local/bin/cmake --install /home/teety/GitHub/FUN3-5/build/motorsim
[0.288s] -- Install configuration: ""
[0.288s] -- Up-to-date: /home/teety/GitHub/FUN3-5/install/motorsim/share/motorsim/environment/pythonpath.sh
[0.288s] -- Up-to-date: /home/teety/GitHub/FUN3-5/install/motorsim/share/motorsim/environment/pythonpath.dsv
[0.288s] -- Up-to-date: /home/teety/GitHub/FUN3-5/install/motorsim/local/lib/python3.10/dist-packages/motorsim-0.0.0-py3.10.egg-info
[0.288s] -- Installing: /home/teety/GitHub/FUN3-5/install/motorsim/local/lib/python3.10/dist-packages/motorsim-0.0.0-py3.10.egg-info/top_level.txt
[0.288s] -- Installing: /home/teety/GitHub/FUN3-5/install/motorsim/local/lib/python3.10/dist-packages/motorsim-0.0.0-py3.10.egg-info/dependency_links.txt
[0.288s] -- Installing: /home/teety/GitHub/FUN3-5/install/motorsim/local/lib/python3.10/dist-packages/motorsim-0.0.0-py3.10.egg-info/PKG-INFO
[0.288s] -- Installing: /home/teety/GitHub/FUN3-5/install/motorsim/local/lib/python3.10/dist-packages/motorsim-0.0.0-py3.10.egg-info/SOURCES.txt
[0.288s] -- Up-to-date: /home/teety/GitHub/FUN3-5/install/motorsim/local/lib/python3.10/dist-packages/motorsim
[0.288s] -- Up-to-date: /home/teety/GitHub/FUN3-5/install/motorsim/local/lib/python3.10/dist-packages/motorsim/__init__.py
[0.288s] -- Up-to-date: /home/teety/GitHub/FUN3-5/install/motorsim/local/lib/python3.10/dist-packages/motorsim/dummy_module.py
[0.288s] -- Up-to-date: /home/teety/GitHub/FUN3-5/install/motorsim/local/lib/python3.10/dist-packages/motorsim/dc_motor_model.py
[0.288s] -- Up-to-date: /home/teety/GitHub/FUN3-5/install/motorsim/local/lib/python3.10/dist-packages/motorsim/pid_controller.py
[0.316s] Listing '/home/teety/GitHub/FUN3-5/install/motorsim/local/lib/python3.10/dist-packages/motorsim'...
[0.319s] -- Up-to-date: /home/teety/GitHub/FUN3-5/install/motorsim/lib/motorsim/dummy_script.py
[0.319s] -- Up-to-date: /home/teety/GitHub/FUN3-5/install/motorsim/lib/motorsim/random_point_node.py
[0.319s] -- Up-to-date: /home/teety/GitHub/FUN3-5/install/motorsim/lib/motorsim/encoder_node.py
[0.319s] -- Up-to-date: /home/teety/GitHub/FUN3-5/install/motorsim/lib/motorsim/scheduler_node.py
[0.319s] -- Up-to-date: /home/teety/GitHub/FUN3-5/install/motorsim/lib/motorsim/dc_motor_node.py
[0.319s] -- Up-to-date: /home/teety/GitHub/FUN3-5/install/motorsim/lib/motorsim/motorsim_node.py
[0.319s] -- Up-to-date: /home/teety/GitHub/FUN3-5/install/motorsim/lib/motorsim/controller_node.py
[0.319s] -- Up-to-date: /home/teety/GitHub/FUN3-5/install/motorsim/lib/motorsim/cpp_node_test
[0.319s] -- Up-to-date: /home/teety/GitHub/FUN3-5/install/motorsim/share/motorsim/scripts
[0.319s] -- Up-to-date: /home/teety/GitHub/FUN3-5/install/motorsim/share/motorsim/scripts/encoder_node.py
[0.319s] -- Up-to-date: /home/teety/GitHub/FUN3-5/install/motorsim/share/motorsim/scripts/scheduler_node.py
[0.319s] -- Up-to-date: /home/teety/GitHub/FUN3-5/install/motorsim/share/motorsim/scripts/controller_node.py
[0.319s] -- Up-to-date: /home/teety/GitHub/FUN3-5/install/motorsim/share/motorsim/scripts/random_point_node.py
[0.319s] -- Up-to-date: /home/teety/GitHub/FUN3-5/install/motorsim/share/motorsim/scripts/dummy_script.py
[0.319s] -- Up-to-date: /home/teety/GitHub/FUN3-5/install/motorsim/share/motorsim/scripts/motorsim_node.py
[0.319s] -- Up-to-date: /home/teety/GitHub/FUN3-5/install/motorsim/share/motorsim/scripts/dc_motor_node.py
[0.319s] -- Up-to-date: /home/teety/GitHub/FUN3-5/install/motorsim/share/motorsim/motorsim
[0.319s] -- Up-to-date: /home/teety/GitHub/FUN3-5/install/motorsim/share/motorsim/motorsim/__init__.py
[0.319s] -- Up-to-date: /home/teety/GitHub/FUN3-5/install/motorsim/share/motorsim/motorsim/dummy_module.py
[0.319s] -- Up-to-date: /home/teety/GitHub/FUN3-5/install/motorsim/share/motorsim/motorsim/dc_motor_model.py
[0.319s] -- Up-to-date: /home/teety/GitHub/FUN3-5/install/motorsim/share/motorsim/motorsim/pid_controller.py
[0.319s] -- Up-to-date: /home/teety/GitHub/FUN3-5/install/motorsim/share/motorsim/launch
[0.319s] -- Up-to-date: /home/teety/GitHub/FUN3-5/install/motorsim/share/motorsim/launch/motorsim.launch.py
[0.319s] -- Up-to-date: /home/teety/GitHub/FUN3-5/install/motorsim/share/ament_index/resource_index/package_run_dependencies/motorsim
[0.319s] -- Up-to-date: /home/teety/GitHub/FUN3-5/install/motorsim/share/ament_index/resource_index/parent_prefix_path/motorsim
[0.319s] -- Up-to-date: /home/teety/GitHub/FUN3-5/install/motorsim/share/motorsim/environment/ament_prefix_path.sh
[0.319s] -- Up-to-date: /home/teety/GitHub/FUN3-5/install/motorsim/share/motorsim/environment/ament_prefix_path.dsv
[0.319s] -- Up-to-date: /home/teety/GitHub/FUN3-5/install/motorsim/share/motorsim/environment/path.sh
[0.319s] -- Up-to-date: /home/teety/GitHub/FUN3-5/install/motorsim/share/motorsim/environment/path.dsv
[0.319s] -- Up-to-date: /home/teety/GitHub/FUN3-5/install/motorsim/share/motorsim/local_setup.bash
[0.320s] -- Up-to-date: /home/teety/GitHub/FUN3-5/install/motorsim/share/motorsim/local_setup.sh
[0.320s] -- Up-to-date: /home/teety/GitHub/FUN3-5/install/motorsim/share/motorsim/local_setup.zsh
[0.320s] -- Up-to-date: /home/teety/GitHub/FUN3-5/install/motorsim/share/motorsim/local_setup.dsv
[0.320s] -- Up-to-date: /home/teety/GitHub/FUN3-5/install/motorsim/share/motorsim/package.dsv
[0.320s] -- Up-to-date: /home/teety/GitHub/FUN3-5/install/motorsim/share/ament_index/resource_index/packages/motorsim
[0.320s] -- Up-to-date: /home/teety/GitHub/FUN3-5/install/motorsim/share/motorsim/cmake/motorsimConfig.cmake
[0.320s] -- Up-to-date: /home/teety/GitHub/FUN3-5/install/motorsim/share/motorsim/cmake/motorsimConfig-version.cmake
[0.320s] -- Up-to-date: /home/teety/GitHub/FUN3-5/install/motorsim/share/motorsim/package.xml
[0.320s] Invoked command in '/home/teety/GitHub/FUN3-5/build/motorsim' returned '0': CMAKE_PREFIX_PATH=${CMAKE_PREFIX_PATH}:/home/teety/ros2_ws/install/launch_testing_examples:/home/teety/ros2_ws/install/examples_rclpy_pointcloud_publisher:/home/teety/ros2_ws/install/examples_rclpy_minimal_subscriber:/home/teety/ros2_ws/install/examples_rclpy_minimal_service:/home/teety/ros2_ws/install/examples_rclpy_minimal_publisher:/home/teety/ros2_ws/install/examples_rclpy_minimal_client:/home/teety/ros2_ws/install/examples_rclpy_minimal_action_server:/home/teety/ros2_ws/install/examples_rclpy_minimal_action_client:/home/teety/ros2_ws/install/examples_rclpy_guard_conditions:/home/teety/ros2_ws/install/examples_rclpy_executors:/home/teety/microros_ws/install/sensor_msgs_py:/opt/ros/humble /usr/local/bin/cmake --install /home/teety/GitHub/FUN3-5/build/motorsim
