[0.008s] Invoking command in '/home/teety/GitHub/FUN3-5/build/motorsim_interfaces': CMAKE_PREFIX_PATH=${CMAKE_PREFIX_PATH}:/home/teety/ros2_ws/install/launch_testing_examples:/home/teety/ros2_ws/install/examples_rclpy_pointcloud_publisher:/home/teety/ros2_ws/install/examples_rclpy_minimal_subscriber:/home/teety/ros2_ws/install/examples_rclpy_minimal_service:/home/teety/ros2_ws/install/examples_rclpy_minimal_publisher:/home/teety/ros2_ws/install/examples_rclpy_minimal_client:/home/teety/ros2_ws/install/examples_rclpy_minimal_action_server:/home/teety/ros2_ws/install/examples_rclpy_minimal_action_client:/home/teety/ros2_ws/install/examples_rclpy_guard_conditions:/home/teety/ros2_ws/install/examples_rclpy_executors:/home/teety/microros_ws/install/sensor_msgs_py:/opt/ros/humble /usr/local/bin/cmake --build /home/teety/GitHub/FUN3-5/build/motorsim_interfaces -- -j20 -l20
[0.056s] [  7%] Built target motorsim_interfaces__rosidl_generator_c
[0.056s] [ 10%] Built target motorsim_interfaces__cpp
[0.059s] [ 10%] Built target ament_cmake_python_copy_motorsim_interfaces
[0.074s] [ 33%] Built target motorsim_interfaces__rosidl_typesupport_c
[0.074s] [ 33%] Built target motorsim_interfaces__rosidl_typesupport_introspection_cpp
[0.074s] [ 33%] Built target motorsim_interfaces__rosidl_typesupport_fastrtps_c
[0.076s] [ 41%] Built target motorsim_interfaces__rosidl_typesupport_introspection_c
[0.077s] [ 48%] Built target motorsim_interfaces__rosidl_typesupport_fastrtps_cpp
[0.079s] [ 56%] Built target motorsim_interfaces__rosidl_typesupport_microxrcedds_c
[0.079s] [ 64%] Built target motorsim_interfaces__rosidl_typesupport_cpp
[0.079s] [ 71%] Built target motorsim_interfaces__rosidl_typesupport_microxrcedds_cpp
[0.096s] [ 71%] Built target motorsim_interfaces
[0.116s] [ 74%] Built target motorsim_interfaces__py
[0.137s] [ 79%] Built target motorsim_interfaces__rosidl_generator_py
[0.161s] [ 84%] Built target motorsim_interfaces__rosidl_typesupport_c__pyext
[0.162s] [ 89%] Built target motorsim_interfaces__rosidl_typesupport_fastrtps_c__pyext
[0.162s] [ 94%] Built target motorsim_interfaces__rosidl_typesupport_introspection_c__pyext
[0.162s] [100%] Built target motorsim_interfaces__rosidl_typesupport_microxrcedds_c__pyext
[0.216s] running egg_info
[0.217s] writing motorsim_interfaces.egg-info/PKG-INFO
[0.217s] writing dependency_links to motorsim_interfaces.egg-info/dependency_links.txt
[0.217s] writing top-level names to motorsim_interfaces.egg-info/top_level.txt
[0.218s] reading manifest file 'motorsim_interfaces.egg-info/SOURCES.txt'
[0.219s] writing manifest file 'motorsim_interfaces.egg-info/SOURCES.txt'
[0.238s] [100%] Built target ament_cmake_python_build_motorsim_interfaces_egg
[0.248s] Invoked command in '/home/teety/GitHub/FUN3-5/build/motorsim_interfaces' returned '0': CMAKE_PREFIX_PATH=${CMAKE_PREFIX_PATH}:/home/teety/ros2_ws/install/launch_testing_examples:/home/teety/ros2_ws/install/examples_rclpy_pointcloud_publisher:/home/teety/ros2_ws/install/examples_rclpy_minimal_subscriber:/home/teety/ros2_ws/install/examples_rclpy_minimal_service:/home/teety/ros2_ws/install/examples_rclpy_minimal_publisher:/home/teety/ros2_ws/install/examples_rclpy_minimal_client:/home/teety/ros2_ws/install/examples_rclpy_minimal_action_server:/home/teety/ros2_ws/install/examples_rclpy_minimal_action_client:/home/teety/ros2_ws/install/examples_rclpy_guard_conditions:/home/teety/ros2_ws/install/examples_rclpy_executors:/home/teety/microros_ws/install/sensor_msgs_py:/opt/ros/humble /usr/local/bin/cmake --build /home/teety/GitHub/FUN3-5/build/motorsim_interfaces -- -j20 -l20
[0.337s] Invoking command in '/home/teety/GitHub/FUN3-5/build/motorsim_interfaces': CMAKE_PREFIX_PATH=${CMAKE_PREFIX_PATH}:/home/teety/ros2_ws/install/launch_testing_examples:/home/teety/ros2_ws/install/examples_rclpy_pointcloud_publisher:/home/teety/ros2_ws/install/examples_rclpy_minimal_subscriber:/home/teety/ros2_ws/install/examples_rclpy_minimal_service:/home/teety/ros2_ws/install/examples_rclpy_minimal_publisher:/home/teety/ros2_ws/install/examples_rclpy_minimal_client:/home/teety/ros2_ws/install/examples_rclpy_minimal_action_server:/home/teety/ros2_ws/install/examples_rclpy_minimal_action_client:/home/teety/ros2_ws/install/examples_rclpy_guard_conditions:/home/teety/ros2_ws/install/examples_rclpy_executors:/home/teety/microros_ws/install/sensor_msgs_py:/opt/ros/humble /usr/local/bin/cmake --install /home/teety/GitHub/FUN3-5/build/motorsim_interfaces
[0.344s] -- Install configuration: ""
[0.344s] -- Up-to-date: /home/teety/GitHub/FUN3-5/install/motorsim_interfaces/share/ament_index/resource_index/rosidl_interfaces/motorsim_interfaces
[0.344s] -- Up-to-date: /home/teety/GitHub/FUN3-5/install/motorsim_interfaces/include/motorsim_interfaces/motorsim_interfaces
[0.344s] -- Up-to-date: /home/teety/GitHub/FUN3-5/install/motorsim_interfaces/include/motorsim_interfaces/motorsim_interfaces/srv
[0.344s] -- Up-to-date: /home/teety/GitHub/FUN3-5/install/motorsim_interfaces/include/motorsim_interfaces/motorsim_interfaces/srv/motor_spawn.h
[0.344s] -- Up-to-date: /home/teety/GitHub/FUN3-5/install/motorsim_interfaces/include/motorsim_interfaces/motorsim_interfaces/srv/detail
[0.344s] -- Up-to-date: /home/teety/GitHub/FUN3-5/install/motorsim_interfaces/include/motorsim_interfaces/motorsim_interfaces/srv/detail/motor_spawn__functions.c
[0.344s] -- Up-to-date: /home/teety/GitHub/FUN3-5/install/motorsim_interfaces/include/motorsim_interfaces/motorsim_interfaces/srv/detail/motor_spawn__type_support.h
[0.344s] -- Up-to-date: /home/teety/GitHub/FUN3-5/install/motorsim_interfaces/include/motorsim_interfaces/motorsim_interfaces/srv/detail/motor_spawn__functions.h
[0.344s] -- Up-to-date: /home/teety/GitHub/FUN3-5/install/motorsim_interfaces/include/motorsim_interfaces/motorsim_interfaces/srv/detail/motor_spawn__struct.h
[0.344s] -- Up-to-date: /home/teety/GitHub/FUN3-5/install/motorsim_interfaces/include/motorsim_interfaces/motorsim_interfaces/msg
[0.344s] -- Up-to-date: /home/teety/GitHub/FUN3-5/install/motorsim_interfaces/include/motorsim_interfaces/motorsim_interfaces/msg/rosidl_generator_c__visibility_control.h
[0.344s] -- Up-to-date: /home/teety/GitHub/FUN3-5/install/motorsim_interfaces/share/motorsim_interfaces/environment/library_path.sh
[0.344s] -- Up-to-date: /home/teety/GitHub/FUN3-5/install/motorsim_interfaces/share/motorsim_interfaces/environment/library_path.dsv
[0.344s] -- Up-to-date: /home/teety/GitHub/FUN3-5/install/motorsim_interfaces/lib/libmotorsim_interfaces__rosidl_generator_c.so
[0.344s] -- Up-to-date: /home/teety/GitHub/FUN3-5/install/motorsim_interfaces/include/motorsim_interfaces
[0.344s] -- Up-to-date: /home/teety/GitHub/FUN3-5/install/motorsim_interfaces/include/motorsim_interfaces/srv
[0.344s] -- Up-to-date: /home/teety/GitHub/FUN3-5/install/motorsim_interfaces/include/motorsim_interfaces/srv/detail
[0.344s] -- Up-to-date: /home/teety/GitHub/FUN3-5/install/motorsim_interfaces/include/motorsim_interfaces/srv/detail/motor_spawn__rosidl_typesupport_microxrcedds_c.h
[0.344s] -- Up-to-date: /home/teety/GitHub/FUN3-5/install/motorsim_interfaces/include/motorsim_interfaces/srv/detail/microxrcedds
[0.344s] -- Up-to-date: /home/teety/GitHub/FUN3-5/install/motorsim_interfaces/include/motorsim_interfaces/msg
[0.344s] -- Up-to-date: /home/teety/GitHub/FUN3-5/install/motorsim_interfaces/include/motorsim_interfaces/msg/rosidl_typesupport_microxrcedds_c__visibility_control.h
[0.344s] -- Up-to-date: /home/teety/GitHub/FUN3-5/install/motorsim_interfaces/lib/libmotorsim_interfaces__rosidl_typesupport_microxrcedds_c.so
[0.344s] -- Up-to-date: /home/teety/GitHub/FUN3-5/install/motorsim_interfaces/include/motorsim_interfaces/motorsim_interfaces
[0.344s] -- Up-to-date: /home/teety/GitHub/FUN3-5/install/motorsim_interfaces/include/motorsim_interfaces/motorsim_interfaces/srv
[0.344s] -- Up-to-date: /home/teety/GitHub/FUN3-5/install/motorsim_interfaces/include/motorsim_interfaces/motorsim_interfaces/srv/detail
[0.344s] -- Up-to-date: /home/teety/GitHub/FUN3-5/install/motorsim_interfaces/include/motorsim_interfaces/motorsim_interfaces/srv/detail/motor_spawn__rosidl_typesupport_fastrtps_c.h
[0.345s] -- Up-to-date: /home/teety/GitHub/FUN3-5/install/motorsim_interfaces/include/motorsim_interfaces/motorsim_interfaces/msg
[0.345s] -- Up-to-date: /home/teety/GitHub/FUN3-5/install/motorsim_interfaces/include/motorsim_interfaces/motorsim_interfaces/msg/rosidl_typesupport_fastrtps_c__visibility_control.h
[0.345s] -- Up-to-date: /home/teety/GitHub/FUN3-5/install/motorsim_interfaces/lib/libmotorsim_interfaces__rosidl_typesupport_fastrtps_c.so
[0.345s] -- Up-to-date: /home/teety/GitHub/FUN3-5/install/motorsim_interfaces/include/motorsim_interfaces/motorsim_interfaces
[0.345s] -- Up-to-date: /home/teety/GitHub/FUN3-5/install/motorsim_interfaces/include/motorsim_interfaces/motorsim_interfaces/srv
[0.345s] -- Up-to-date: /home/teety/GitHub/FUN3-5/install/motorsim_interfaces/include/motorsim_interfaces/motorsim_interfaces/srv/detail
[0.345s] -- Up-to-date: /home/teety/GitHub/FUN3-5/install/motorsim_interfaces/include/motorsim_interfaces/motorsim_interfaces/srv/detail/motor_spawn__type_support.c
[0.345s] -- Up-to-date: /home/teety/GitHub/FUN3-5/install/motorsim_interfaces/include/motorsim_interfaces/motorsim_interfaces/srv/detail/motor_spawn__rosidl_typesupport_introspection_c.h
[0.345s] -- Up-to-date: /home/teety/GitHub/FUN3-5/install/motorsim_interfaces/include/motorsim_interfaces/motorsim_interfaces/msg
[0.345s] -- Up-to-date: /home/teety/GitHub/FUN3-5/install/motorsim_interfaces/include/motorsim_interfaces/motorsim_interfaces/msg/rosidl_typesupport_introspection_c__visibility_control.h
[0.345s] -- Up-to-date: /home/teety/GitHub/FUN3-5/install/motorsim_interfaces/lib/libmotorsim_interfaces__rosidl_typesupport_introspection_c.so
[0.345s] -- Up-to-date: /home/teety/GitHub/FUN3-5/install/motorsim_interfaces/lib/libmotorsim_interfaces__rosidl_typesupport_c.so
[0.345s] -- Up-to-date: /home/teety/GitHub/FUN3-5/install/motorsim_interfaces/include/motorsim_interfaces/motorsim_interfaces
[0.345s] -- Up-to-date: /home/teety/GitHub/FUN3-5/install/motorsim_interfaces/include/motorsim_interfaces/motorsim_interfaces/srv
[0.345s] -- Up-to-date: /home/teety/GitHub/FUN3-5/install/motorsim_interfaces/include/motorsim_interfaces/motorsim_interfaces/srv/detail
[0.345s] -- Up-to-date: /home/teety/GitHub/FUN3-5/install/motorsim_interfaces/include/motorsim_interfaces/motorsim_interfaces/srv/detail/motor_spawn__struct.hpp
[0.345s] -- Up-to-date: /home/teety/GitHub/FUN3-5/install/motorsim_interfaces/include/motorsim_interfaces/motorsim_interfaces/srv/detail/motor_spawn__traits.hpp
[0.345s] -- Up-to-date: /home/teety/GitHub/FUN3-5/install/motorsim_interfaces/include/motorsim_interfaces/motorsim_interfaces/srv/detail/motor_spawn__builder.hpp
[0.345s] -- Up-to-date: /home/teety/GitHub/FUN3-5/install/motorsim_interfaces/include/motorsim_interfaces/motorsim_interfaces/srv/motor_spawn.hpp
[0.345s] -- Up-to-date: /home/teety/GitHub/FUN3-5/install/motorsim_interfaces/include/motorsim_interfaces
[0.345s] -- Up-to-date: /home/teety/GitHub/FUN3-5/install/motorsim_interfaces/include/motorsim_interfaces/srv
[0.345s] -- Up-to-date: /home/teety/GitHub/FUN3-5/install/motorsim_interfaces/include/motorsim_interfaces/srv/detail
[0.345s] -- Up-to-date: /home/teety/GitHub/FUN3-5/install/motorsim_interfaces/include/motorsim_interfaces/srv/detail/motor_spawn__rosidl_typesupport_microxrcedds_cpp.hpp
[0.345s] -- Up-to-date: /home/teety/GitHub/FUN3-5/install/motorsim_interfaces/include/motorsim_interfaces/srv/detail/microxrcedds
[0.345s] -- Up-to-date: /home/teety/GitHub/FUN3-5/install/motorsim_interfaces/include/motorsim_interfaces/srv/detail/microxrcedds/motor_spawn__type_support_cpp.cpp
[0.345s] -- Up-to-date: /home/teety/GitHub/FUN3-5/install/motorsim_interfaces/include/motorsim_interfaces/msg
[0.345s] -- Up-to-date: /home/teety/GitHub/FUN3-5/install/motorsim_interfaces/include/motorsim_interfaces/msg/rosidl_typesupport_microxrcedds_cpp__visibility_control.h
[0.345s] -- Up-to-date: /home/teety/GitHub/FUN3-5/install/motorsim_interfaces/lib/libmotorsim_interfaces__rosidl_typesupport_microxrcedds_cpp.so
[0.345s] -- Up-to-date: /home/teety/GitHub/FUN3-5/install/motorsim_interfaces/include/motorsim_interfaces/motorsim_interfaces
[0.345s] -- Up-to-date: /home/teety/GitHub/FUN3-5/install/motorsim_interfaces/include/motorsim_interfaces/motorsim_interfaces/srv
[0.345s] -- Up-to-date: /home/teety/GitHub/FUN3-5/install/motorsim_interfaces/include/motorsim_interfaces/motorsim_interfaces/srv/detail
[0.345s] -- Up-to-date: /home/teety/GitHub/FUN3-5/install/motorsim_interfaces/include/motorsim_interfaces/motorsim_interfaces/srv/detail/motor_spawn__rosidl_typesupport_fastrtps_cpp.hpp
[0.346s] -- Up-to-date: /home/teety/GitHub/FUN3-5/install/motorsim_interfaces/include/motorsim_interfaces/motorsim_interfaces/srv/detail/dds_fastrtps
[0.346s] -- Up-to-date: /home/teety/GitHub/FUN3-5/install/motorsim_interfaces/include/motorsim_interfaces/motorsim_interfaces/msg
[0.346s] -- Up-to-date: /home/teety/GitHub/FUN3-5/install/motorsim_interfaces/include/motorsim_interfaces/motorsim_interfaces/msg/rosidl_typesupport_fastrtps_cpp__visibility_control.h
[0.346s] -- Up-to-date: /home/teety/GitHub/FUN3-5/install/motorsim_interfaces/lib/libmotorsim_interfaces__rosidl_typesupport_fastrtps_cpp.so
[0.346s] -- Up-to-date: /home/teety/GitHub/FUN3-5/install/motorsim_interfaces/include/motorsim_interfaces/motorsim_interfaces
[0.346s] -- Up-to-date: /home/teety/GitHub/FUN3-5/install/motorsim_interfaces/include/motorsim_interfaces/motorsim_interfaces/srv
[0.346s] -- Up-to-date: /home/teety/GitHub/FUN3-5/install/motorsim_interfaces/include/motorsim_interfaces/motorsim_interfaces/srv/detail
[0.346s] -- Up-to-date: /home/teety/GitHub/FUN3-5/install/motorsim_interfaces/include/motorsim_interfaces/motorsim_interfaces/srv/detail/motor_spawn__rosidl_typesupport_introspection_cpp.hpp
[0.346s] -- Up-to-date: /home/teety/GitHub/FUN3-5/install/motorsim_interfaces/include/motorsim_interfaces/motorsim_interfaces/srv/detail/motor_spawn__type_support.cpp
[0.346s] -- Up-to-date: /home/teety/GitHub/FUN3-5/install/motorsim_interfaces/lib/libmotorsim_interfaces__rosidl_typesupport_introspection_cpp.so
[0.346s] -- Up-to-date: /home/teety/GitHub/FUN3-5/install/motorsim_interfaces/lib/libmotorsim_interfaces__rosidl_typesupport_cpp.so
[0.346s] -- Up-to-date: /home/teety/GitHub/FUN3-5/install/motorsim_interfaces/share/motorsim_interfaces/environment/pythonpath.sh
[0.346s] -- Up-to-date: /home/teety/GitHub/FUN3-5/install/motorsim_interfaces/share/motorsim_interfaces/environment/pythonpath.dsv
[0.346s] -- Up-to-date: /home/teety/GitHub/FUN3-5/install/motorsim_interfaces/local/lib/python3.10/dist-packages/motorsim_interfaces-0.0.0-py3.10.egg-info
[0.346s] -- Installing: /home/teety/GitHub/FUN3-5/install/motorsim_interfaces/local/lib/python3.10/dist-packages/motorsim_interfaces-0.0.0-py3.10.egg-info/top_level.txt
[0.346s] -- Installing: /home/teety/GitHub/FUN3-5/install/motorsim_interfaces/local/lib/python3.10/dist-packages/motorsim_interfaces-0.0.0-py3.10.egg-info/dependency_links.txt
[0.346s] -- Installing: /home/teety/GitHub/FUN3-5/install/motorsim_interfaces/local/lib/python3.10/dist-packages/motorsim_interfaces-0.0.0-py3.10.egg-info/PKG-INFO
[0.346s] -- Installing: /home/teety/GitHub/FUN3-5/install/motorsim_interfaces/local/lib/python3.10/dist-packages/motorsim_interfaces-0.0.0-py3.10.egg-info/SOURCES.txt
[0.346s] -- Up-to-date: /home/teety/GitHub/FUN3-5/install/motorsim_interfaces/local/lib/python3.10/dist-packages/motorsim_interfaces
[0.346s] -- Up-to-date: /home/teety/GitHub/FUN3-5/install/motorsim_interfaces/local/lib/python3.10/dist-packages/motorsim_interfaces/srv
[0.346s] -- Up-to-date: /home/teety/GitHub/FUN3-5/install/motorsim_interfaces/local/lib/python3.10/dist-packages/motorsim_interfaces/srv/__init__.py
[0.346s] -- Up-to-date: /home/teety/GitHub/FUN3-5/install/motorsim_interfaces/local/lib/python3.10/dist-packages/motorsim_interfaces/srv/_motor_spawn.py
[0.346s] -- Up-to-date: /home/teety/GitHub/FUN3-5/install/motorsim_interfaces/local/lib/python3.10/dist-packages/motorsim_interfaces/srv/_motor_spawn_s.c
[0.346s] -- Up-to-date: /home/teety/GitHub/FUN3-5/install/motorsim_interfaces/local/lib/python3.10/dist-packages/motorsim_interfaces/motorsim_interfaces_s__rosidl_typesupport_fastrtps_c.cpython-310-x86_64-linux-gnu.so
[0.346s] -- Up-to-date: /home/teety/GitHub/FUN3-5/install/motorsim_interfaces/local/lib/python3.10/dist-packages/motorsim_interfaces/motorsim_interfaces_s__rosidl_typesupport_c.cpython-310-x86_64-linux-gnu.so
[0.346s] -- Up-to-date: /home/teety/GitHub/FUN3-5/install/motorsim_interfaces/local/lib/python3.10/dist-packages/motorsim_interfaces/__init__.py
[0.346s] -- Up-to-date: /home/teety/GitHub/FUN3-5/install/motorsim_interfaces/local/lib/python3.10/dist-packages/motorsim_interfaces/_motorsim_interfaces_s.ep.rosidl_typesupport_fastrtps_c.c
[0.346s] -- Up-to-date: /home/teety/GitHub/FUN3-5/install/motorsim_interfaces/local/lib/python3.10/dist-packages/motorsim_interfaces/_motorsim_interfaces_s.ep.rosidl_typesupport_microxrcedds_c.c
[0.346s] -- Up-to-date: /home/teety/GitHub/FUN3-5/install/motorsim_interfaces/local/lib/python3.10/dist-packages/motorsim_interfaces/motorsim_interfaces_s__rosidl_typesupport_microxrcedds_c.cpython-310-x86_64-linux-gnu.so
[0.346s] -- Up-to-date: /home/teety/GitHub/FUN3-5/install/motorsim_interfaces/local/lib/python3.10/dist-packages/motorsim_interfaces/motorsim_interfaces_s__rosidl_typesupport_introspection_c.cpython-310-x86_64-linux-gnu.so
[0.346s] -- Up-to-date: /home/teety/GitHub/FUN3-5/install/motorsim_interfaces/local/lib/python3.10/dist-packages/motorsim_interfaces/_motorsim_interfaces_s.ep.rosidl_typesupport_introspection_c.c
[0.346s] -- Up-to-date: /home/teety/GitHub/FUN3-5/install/motorsim_interfaces/local/lib/python3.10/dist-packages/motorsim_interfaces/libmotorsim_interfaces__rosidl_generator_py.so
[0.346s] -- Up-to-date: /home/teety/GitHub/FUN3-5/install/motorsim_interfaces/local/lib/python3.10/dist-packages/motorsim_interfaces/_motorsim_interfaces_s.ep.rosidl_typesupport_c.c
[0.374s] Listing '/home/teety/GitHub/FUN3-5/install/motorsim_interfaces/local/lib/python3.10/dist-packages/motorsim_interfaces'...
[0.375s] Listing '/home/teety/GitHub/FUN3-5/install/motorsim_interfaces/local/lib/python3.10/dist-packages/motorsim_interfaces/srv'...
[0.377s] -- Up-to-date: /home/teety/GitHub/FUN3-5/install/motorsim_interfaces/local/lib/python3.10/dist-packages/motorsim_interfaces/motorsim_interfaces_s__rosidl_typesupport_microxrcedds_c.cpython-310-x86_64-linux-gnu.so
[0.377s] -- Up-to-date: /home/teety/GitHub/FUN3-5/install/motorsim_interfaces/local/lib/python3.10/dist-packages/motorsim_interfaces/motorsim_interfaces_s__rosidl_typesupport_fastrtps_c.cpython-310-x86_64-linux-gnu.so
[0.377s] -- Up-to-date: /home/teety/GitHub/FUN3-5/install/motorsim_interfaces/local/lib/python3.10/dist-packages/motorsim_interfaces/motorsim_interfaces_s__rosidl_typesupport_introspection_c.cpython-310-x86_64-linux-gnu.so
[0.377s] -- Up-to-date: /home/teety/GitHub/FUN3-5/install/motorsim_interfaces/local/lib/python3.10/dist-packages/motorsim_interfaces/motorsim_interfaces_s__rosidl_typesupport_c.cpython-310-x86_64-linux-gnu.so
[0.378s] -- Up-to-date: /home/teety/GitHub/FUN3-5/install/motorsim_interfaces/lib/libmotorsim_interfaces__rosidl_generator_py.so
[0.378s] -- Up-to-date: /home/teety/GitHub/FUN3-5/install/motorsim_interfaces/share/motorsim_interfaces/srv/MotorSpawn.idl
[0.378s] -- Up-to-date: /home/teety/GitHub/FUN3-5/install/motorsim_interfaces/share/motorsim_interfaces/srv/MotorSpawn.srv
[0.378s] -- Up-to-date: /home/teety/GitHub/FUN3-5/install/motorsim_interfaces/share/motorsim_interfaces/srv/MotorSpawn_Request.msg
[0.378s] -- Up-to-date: /home/teety/GitHub/FUN3-5/install/motorsim_interfaces/share/motorsim_interfaces/srv/MotorSpawn_Response.msg
[0.378s] -- Up-to-date: /home/teety/GitHub/FUN3-5/install/motorsim_interfaces/share/ament_index/resource_index/package_run_dependencies/motorsim_interfaces
[0.378s] -- Up-to-date: /home/teety/GitHub/FUN3-5/install/motorsim_interfaces/share/ament_index/resource_index/parent_prefix_path/motorsim_interfaces
[0.378s] -- Up-to-date: /home/teety/GitHub/FUN3-5/install/motorsim_interfaces/share/motorsim_interfaces/environment/ament_prefix_path.sh
[0.378s] -- Up-to-date: /home/teety/GitHub/FUN3-5/install/motorsim_interfaces/share/motorsim_interfaces/environment/ament_prefix_path.dsv
[0.378s] -- Up-to-date: /home/teety/GitHub/FUN3-5/install/motorsim_interfaces/share/motorsim_interfaces/environment/path.sh
[0.378s] -- Up-to-date: /home/teety/GitHub/FUN3-5/install/motorsim_interfaces/share/motorsim_interfaces/environment/path.dsv
[0.378s] -- Up-to-date: /home/teety/GitHub/FUN3-5/install/motorsim_interfaces/share/motorsim_interfaces/local_setup.bash
[0.378s] -- Up-to-date: /home/teety/GitHub/FUN3-5/install/motorsim_interfaces/share/motorsim_interfaces/local_setup.sh
[0.378s] -- Up-to-date: /home/teety/GitHub/FUN3-5/install/motorsim_interfaces/share/motorsim_interfaces/local_setup.zsh
[0.378s] -- Up-to-date: /home/teety/GitHub/FUN3-5/install/motorsim_interfaces/share/motorsim_interfaces/local_setup.dsv
[0.378s] -- Installing: /home/teety/GitHub/FUN3-5/install/motorsim_interfaces/share/motorsim_interfaces/package.dsv
[0.378s] -- Up-to-date: /home/teety/GitHub/FUN3-5/install/motorsim_interfaces/share/ament_index/resource_index/packages/motorsim_interfaces
[0.378s] -- Up-to-date: /home/teety/GitHub/FUN3-5/install/motorsim_interfaces/share/motorsim_interfaces/cmake/export_motorsim_interfaces__rosidl_generator_cExport.cmake
[0.378s] -- Up-to-date: /home/teety/GitHub/FUN3-5/install/motorsim_interfaces/share/motorsim_interfaces/cmake/export_motorsim_interfaces__rosidl_generator_cExport-noconfig.cmake
[0.378s] -- Up-to-date: /home/teety/GitHub/FUN3-5/install/motorsim_interfaces/share/motorsim_interfaces/cmake/export_motorsim_interfaces__rosidl_typesupport_fastrtps_cExport.cmake
[0.378s] -- Up-to-date: /home/teety/GitHub/FUN3-5/install/motorsim_interfaces/share/motorsim_interfaces/cmake/export_motorsim_interfaces__rosidl_typesupport_fastrtps_cExport-noconfig.cmake
[0.378s] -- Up-to-date: /home/teety/GitHub/FUN3-5/install/motorsim_interfaces/share/motorsim_interfaces/cmake/motorsim_interfaces__rosidl_typesupport_introspection_cExport.cmake
[0.378s] -- Up-to-date: /home/teety/GitHub/FUN3-5/install/motorsim_interfaces/share/motorsim_interfaces/cmake/motorsim_interfaces__rosidl_typesupport_introspection_cExport-noconfig.cmake
[0.378s] -- Up-to-date: /home/teety/GitHub/FUN3-5/install/motorsim_interfaces/share/motorsim_interfaces/cmake/motorsim_interfaces__rosidl_typesupport_cExport.cmake
[0.378s] -- Up-to-date: /home/teety/GitHub/FUN3-5/install/motorsim_interfaces/share/motorsim_interfaces/cmake/motorsim_interfaces__rosidl_typesupport_cExport-noconfig.cmake
[0.378s] -- Up-to-date: /home/teety/GitHub/FUN3-5/install/motorsim_interfaces/share/motorsim_interfaces/cmake/export_motorsim_interfaces__rosidl_generator_cppExport.cmake
[0.378s] -- Up-to-date: /home/teety/GitHub/FUN3-5/install/motorsim_interfaces/share/motorsim_interfaces/cmake/export_motorsim_interfaces__rosidl_typesupport_fastrtps_cppExport.cmake
[0.378s] -- Up-to-date: /home/teety/GitHub/FUN3-5/install/motorsim_interfaces/share/motorsim_interfaces/cmake/export_motorsim_interfaces__rosidl_typesupport_fastrtps_cppExport-noconfig.cmake
[0.378s] -- Up-to-date: /home/teety/GitHub/FUN3-5/install/motorsim_interfaces/share/motorsim_interfaces/cmake/motorsim_interfaces__rosidl_typesupport_introspection_cppExport.cmake
[0.378s] -- Up-to-date: /home/teety/GitHub/FUN3-5/install/motorsim_interfaces/share/motorsim_interfaces/cmake/motorsim_interfaces__rosidl_typesupport_introspection_cppExport-noconfig.cmake
[0.378s] -- Up-to-date: /home/teety/GitHub/FUN3-5/install/motorsim_interfaces/share/motorsim_interfaces/cmake/motorsim_interfaces__rosidl_typesupport_cppExport.cmake
[0.378s] -- Up-to-date: /home/teety/GitHub/FUN3-5/install/motorsim_interfaces/share/motorsim_interfaces/cmake/motorsim_interfaces__rosidl_typesupport_cppExport-noconfig.cmake
[0.379s] -- Up-to-date: /home/teety/GitHub/FUN3-5/install/motorsim_interfaces/share/motorsim_interfaces/cmake/export_motorsim_interfaces__rosidl_generator_pyExport.cmake
[0.379s] -- Up-to-date: /home/teety/GitHub/FUN3-5/install/motorsim_interfaces/share/motorsim_interfaces/cmake/export_motorsim_interfaces__rosidl_generator_pyExport-noconfig.cmake
[0.379s] -- Up-to-date: /home/teety/GitHub/FUN3-5/install/motorsim_interfaces/share/motorsim_interfaces/cmake/rosidl_cmake-extras.cmake
[0.379s] -- Up-to-date: /home/teety/GitHub/FUN3-5/install/motorsim_interfaces/share/motorsim_interfaces/cmake/ament_cmake_export_include_directories-extras.cmake
[0.379s] -- Up-to-date: /home/teety/GitHub/FUN3-5/install/motorsim_interfaces/share/motorsim_interfaces/cmake/ament_cmake_export_libraries-extras.cmake
[0.379s] -- Up-to-date: /home/teety/GitHub/FUN3-5/install/motorsim_interfaces/share/motorsim_interfaces/cmake/ament_cmake_export_targets-extras.cmake
[0.379s] -- Up-to-date: /home/teety/GitHub/FUN3-5/install/motorsim_interfaces/share/motorsim_interfaces/cmake/rosidl_cmake_export_typesupport_targets-extras.cmake
[0.379s] -- Up-to-date: /home/teety/GitHub/FUN3-5/install/motorsim_interfaces/share/motorsim_interfaces/cmake/ament_cmake_export_dependencies-extras.cmake
[0.379s] -- Up-to-date: /home/teety/GitHub/FUN3-5/install/motorsim_interfaces/share/motorsim_interfaces/cmake/rosidl_cmake_export_typesupport_libraries-extras.cmake
[0.379s] -- Up-to-date: /home/teety/GitHub/FUN3-5/install/motorsim_interfaces/share/motorsim_interfaces/cmake/motorsim_interfacesConfig.cmake
[0.379s] -- Up-to-date: /home/teety/GitHub/FUN3-5/install/motorsim_interfaces/share/motorsim_interfaces/cmake/motorsim_interfacesConfig-version.cmake
[0.379s] -- Up-to-date: /home/teety/GitHub/FUN3-5/install/motorsim_interfaces/share/motorsim_interfaces/package.xml
[0.380s] Invoked command in '/home/teety/GitHub/FUN3-5/build/motorsim_interfaces' returned '0': CMAKE_PREFIX_PATH=${CMAKE_PREFIX_PATH}:/home/teety/ros2_ws/install/launch_testing_examples:/home/teety/ros2_ws/install/examples_rclpy_pointcloud_publisher:/home/teety/ros2_ws/install/examples_rclpy_minimal_subscriber:/home/teety/ros2_ws/install/examples_rclpy_minimal_service:/home/teety/ros2_ws/install/examples_rclpy_minimal_publisher:/home/teety/ros2_ws/install/examples_rclpy_minimal_client:/home/teety/ros2_ws/install/examples_rclpy_minimal_action_server:/home/teety/ros2_ws/install/examples_rclpy_minimal_action_client:/home/teety/ros2_ws/install/examples_rclpy_guard_conditions:/home/teety/ros2_ws/install/examples_rclpy_executors:/home/teety/microros_ws/install/sensor_msgs_py:/opt/ros/humble /usr/local/bin/cmake --install /home/teety/GitHub/FUN3-5/build/motorsim_interfaces
