[0.007s] Invoking command in '/home/teety/GitHub/FUN3-5/build/motorsim_interfaces': CMAKE_PREFIX_PATH=${CMAKE_PREFIX_PATH}:/home/teety/ros2_ws/install/launch_testing_examples:/home/teety/ros2_ws/install/examples_rclpy_pointcloud_publisher:/home/teety/ros2_ws/install/examples_rclpy_minimal_subscriber:/home/teety/ros2_ws/install/examples_rclpy_minimal_service:/home/teety/ros2_ws/install/examples_rclpy_minimal_publisher:/home/teety/ros2_ws/install/examples_rclpy_minimal_client:/home/teety/ros2_ws/install/examples_rclpy_minimal_action_server:/home/teety/ros2_ws/install/examples_rclpy_minimal_action_client:/home/teety/ros2_ws/install/examples_rclpy_guard_conditions:/home/teety/ros2_ws/install/examples_rclpy_executors:/home/teety/microros_ws/install/sensor_msgs_py:/opt/ros/humble /usr/local/bin/cmake /home/teety/GitHub/FUN3-5/src/motorsim_interfaces -DCMAKE_INSTALL_PREFIX=/home/teety/GitHub/FUN3-5/install/motorsim_interfaces
[0.137s] -- The C compiler identification is GNU 11.4.0
[0.259s] -- The CXX compiler identification is GNU 11.4.0
[0.269s] -- Detecting C compiler ABI info
[0.335s] -- Detecting C compiler ABI info - done
[0.339s] -- Check for working C compiler: /usr/bin/cc - skipped
[0.339s] -- Detecting C compile features
[0.339s] -- Detecting C compile features - done
[0.341s] -- Detecting CXX compiler ABI info
[0.406s] -- Detecting CXX compiler ABI info - done
[0.409s] -- Check for working CXX compiler: /usr/bin/c++ - skipped
[0.410s] -- Detecting CXX compile features
[0.410s] -- Detecting CXX compile features - done
[0.422s] -- Found ament_cmake: 1.3.10 (/opt/ros/humble/share/ament_cmake/cmake)
[0.564s] -- Found Python3: /usr/bin/python3 (found version "3.10.12") found components: Interpreter 
[0.680s] -- Found rosidl_default_generators: 1.2.0 (/opt/ros/humble/share/rosidl_default_generators/cmake)
[0.695s] -- Using all available rosidl_typesupport_c: rosidl_typesupport_microxrcedds_c;rosidl_typesupport_fastrtps_c;rosidl_typesupport_introspection_c
[0.711s] -- Found rosidl_adapter: 3.1.5 (/opt/ros/humble/share/rosidl_adapter/cmake)
[0.791s] -- Using all available rosidl_typesupport_cpp: rosidl_typesupport_microxrcedds_cpp;rosidl_typesupport_fastrtps_cpp;rosidl_typesupport_introspection_cpp
[1.019s] -- Found ament_cmake_ros: 0.10.0 (/opt/ros/humble/share/ament_cmake_ros/cmake)
[1.231s] -- Using all available rosidl_typesupport_c: rosidl_typesupport_microxrcedds_c;rosidl_typesupport_fastrtps_c;rosidl_typesupport_introspection_c
[1.475s] -- Using all available rosidl_typesupport_cpp: rosidl_typesupport_microxrcedds_cpp;rosidl_typesupport_fastrtps_cpp;rosidl_typesupport_introspection_cpp
[1.502s] -- Found PythonInterp: /usr/bin/python3 (found suitable version "3.10.12", minimum required is "3.6") 
[1.507s] -- Found python_cmake_module: 0.10.0 (/opt/ros/humble/share/python_cmake_module/cmake)
[1.538s] -- Found PythonLibs: /usr/lib/x86_64-linux-gnu/libpython3.10.so (found suitable version "3.10.12", minimum required is "3.5") 
[1.538s] -- Using PYTHON_EXECUTABLE: /usr/bin/python3
[1.538s] -- Using PYTHON_INCLUDE_DIRS: /usr/include/python3.10
[1.538s] -- Using PYTHON_LIBRARIES: /usr/lib/x86_64-linux-gnu/libpython3.10.so
[1.563s] -- Found PythonExtra: .so  
[1.618s] -- Found ament_lint_auto: 0.12.11 (/opt/ros/humble/share/ament_lint_auto/cmake)
[1.666s] -- Added test 'lint_cmake' to check CMake code style
[1.668s] -- Added test 'xmllint' to check XML markup files
[1.670s] -- Configuring done
[1.685s] -- Generating done
[1.686s] -- Build files have been written to: /home/teety/GitHub/FUN3-5/build/motorsim_interfaces
[1.690s] Invoked command in '/home/teety/GitHub/FUN3-5/build/motorsim_interfaces' returned '0': CMAKE_PREFIX_PATH=${CMAKE_PREFIX_PATH}:/home/teety/ros2_ws/install/launch_testing_examples:/home/teety/ros2_ws/install/examples_rclpy_pointcloud_publisher:/home/teety/ros2_ws/install/examples_rclpy_minimal_subscriber:/home/teety/ros2_ws/install/examples_rclpy_minimal_service:/home/teety/ros2_ws/install/examples_rclpy_minimal_publisher:/home/teety/ros2_ws/install/examples_rclpy_minimal_client:/home/teety/ros2_ws/install/examples_rclpy_minimal_action_server:/home/teety/ros2_ws/install/examples_rclpy_minimal_action_client:/home/teety/ros2_ws/install/examples_rclpy_guard_conditions:/home/teety/ros2_ws/install/examples_rclpy_executors:/home/teety/microros_ws/install/sensor_msgs_py:/opt/ros/humble /usr/local/bin/cmake /home/teety/GitHub/FUN3-5/src/motorsim_interfaces -DCMAKE_INSTALL_PREFIX=/home/teety/GitHub/FUN3-5/install/motorsim_interfaces
[1.691s] Invoking command in '/home/teety/GitHub/FUN3-5/build/motorsim_interfaces': CMAKE_PREFIX_PATH=${CMAKE_PREFIX_PATH}:/home/teety/ros2_ws/install/launch_testing_examples:/home/teety/ros2_ws/install/examples_rclpy_pointcloud_publisher:/home/teety/ros2_ws/install/examples_rclpy_minimal_subscriber:/home/teety/ros2_ws/install/examples_rclpy_minimal_service:/home/teety/ros2_ws/install/examples_rclpy_minimal_publisher:/home/teety/ros2_ws/install/examples_rclpy_minimal_client:/home/teety/ros2_ws/install/examples_rclpy_minimal_action_server:/home/teety/ros2_ws/install/examples_rclpy_minimal_action_client:/home/teety/ros2_ws/install/examples_rclpy_guard_conditions:/home/teety/ros2_ws/install/examples_rclpy_executors:/home/teety/microros_ws/install/sensor_msgs_py:/opt/ros/humble /usr/local/bin/cmake --build /home/teety/GitHub/FUN3-5/build/motorsim_interfaces -- -j20 -l20
[1.724s] [  2%] [34m[1mGenerating C code for ROS interfaces[0m
[1.733s] [  5%] [34m[1mGenerating C++ code for ROS interfaces[0m
[1.741s] [  5%] Built target ament_cmake_python_copy_motorsim_interfaces
[1.908s] [  5%] Built target motorsim_interfaces__cpp
[1.911s] running egg_info
[1.912s] creating motorsim_interfaces.egg-info
[1.912s] writing motorsim_interfaces.egg-info/PKG-INFO
[1.912s] writing dependency_links to motorsim_interfaces.egg-info/dependency_links.txt
[1.912s] writing top-level names to motorsim_interfaces.egg-info/top_level.txt
[1.912s] writing manifest file 'motorsim_interfaces.egg-info/SOURCES.txt'
[1.913s] reading manifest file 'motorsim_interfaces.egg-info/SOURCES.txt'
[1.913s] writing manifest file 'motorsim_interfaces.egg-info/SOURCES.txt'
[1.916s] [ 10%] [32mBuilding C object CMakeFiles/motorsim_interfaces__rosidl_generator_c.dir/rosidl_generator_c/motorsim_interfaces/srv/detail/motor_spawn__functions.c.o[0m
[1.916s] [ 10%] [34m[1mGenerating C++ introspection for ROS interfaces[0m
[1.916s] [ 12%] [34m[1mGenerating C++ type support for eProsima Micro XRCE-DDS[0m
[1.920s] [ 17%] [34m[1mGenerating C++ type support dispatch for ROS interfaces[0m
[1.920s] [ 17%] [34m[1mGenerating C++ type support for eProsima Fast-RTPS[0m
[1.934s] [ 17%] Built target ament_cmake_python_build_motorsim_interfaces_egg
[1.974s] [ 20%] [32m[1mLinking C shared library libmotorsim_interfaces__rosidl_generator_c.so[0m
[2.007s] [ 20%] Built target motorsim_interfaces__rosidl_generator_c
[2.018s] [ 23%] [34m[1mGenerating C type support for eProsima Micro XRCE-DDS[0m
[2.020s] [ 30%] [34m[1mGenerating C type support dispatch for ROS interfaces[0m
[2.021s] [ 30%] [34m[1mGenerating C type support for eProsima Fast-RTPS[0m
[2.021s] [ 30%] [34m[1mGenerating C introspection for ROS interfaces[0m
[2.087s] [ 33%] [32mBuilding CXX object CMakeFiles/motorsim_interfaces__rosidl_typesupport_cpp.dir/rosidl_typesupport_cpp/motorsim_interfaces/srv/motor_spawn__type_support.cpp.o[0m
[2.096s] [ 35%] [32mBuilding CXX object CMakeFiles/motorsim_interfaces__rosidl_typesupport_introspection_cpp.dir/rosidl_typesupport_introspection_cpp/motorsim_interfaces/srv/detail/motor_spawn__type_support.cpp.o[0m
[2.101s] [ 38%] [32mBuilding CXX object CMakeFiles/motorsim_interfaces__rosidl_typesupport_microxrcedds_cpp.dir/rosidl_typesupport_microxrcedds_cpp/motorsim_interfaces/srv/detail/microxrcedds/motor_spawn__type_support_cpp.cpp.o[0m
[2.106s] [ 41%] [32mBuilding CXX object CMakeFiles/motorsim_interfaces__rosidl_typesupport_fastrtps_cpp.dir/rosidl_typesupport_fastrtps_cpp/motorsim_interfaces/srv/detail/dds_fastrtps/motor_spawn__type_support.cpp.o[0m
[2.214s] [ 43%] [32mBuilding C object CMakeFiles/motorsim_interfaces__rosidl_typesupport_microxrcedds_c.dir/rosidl_typesupport_microxrcedds_c/motorsim_interfaces/srv/detail/microxrcedds/motor_spawn__type_support_c.c.o[0m
[2.218s] [ 46%] [32mBuilding C object CMakeFiles/motorsim_interfaces__rosidl_typesupport_introspection_c.dir/rosidl_typesupport_introspection_c/motorsim_interfaces/srv/detail/motor_spawn__type_support.c.o[0m
[2.226s] [ 48%] [32mBuilding CXX object CMakeFiles/motorsim_interfaces__rosidl_typesupport_c.dir/rosidl_typesupport_c/motorsim_interfaces/srv/motor_spawn__type_support.cpp.o[0m
[2.251s] [ 51%] [32m[1mLinking C shared library libmotorsim_interfaces__rosidl_typesupport_introspection_c.so[0m
[2.252s] [ 53%] [32m[1mLinking CXX shared library libmotorsim_interfaces__rosidl_typesupport_c.so[0m
[2.258s] [ 56%] [32mBuilding CXX object CMakeFiles/motorsim_interfaces__rosidl_typesupport_fastrtps_c.dir/rosidl_typesupport_fastrtps_c/motorsim_interfaces/srv/detail/motor_spawn__type_support_c.cpp.o[0m
[2.258s] [ 58%] [32m[1mLinking C shared library libmotorsim_interfaces__rosidl_typesupport_microxrcedds_c.so[0m
[2.272s] [ 61%] [32m[1mLinking CXX shared library libmotorsim_interfaces__rosidl_typesupport_cpp.so[0m
[2.285s] [ 61%] Built target motorsim_interfaces__rosidl_typesupport_c
[2.285s] [ 61%] Built target motorsim_interfaces__rosidl_typesupport_introspection_c
[2.289s] [ 61%] Built target motorsim_interfaces__rosidl_typesupport_microxrcedds_c
[2.308s] [ 61%] Built target motorsim_interfaces__rosidl_typesupport_cpp
[2.334s] [ 64%] [32m[1mLinking CXX shared library libmotorsim_interfaces__rosidl_typesupport_introspection_cpp.so[0m
[2.356s] [ 66%] [32m[1mLinking CXX shared library libmotorsim_interfaces__rosidl_typesupport_microxrcedds_cpp.so[0m
[2.384s] [ 69%] [32m[1mLinking CXX shared library libmotorsim_interfaces__rosidl_typesupport_fastrtps_cpp.so[0m
[2.384s] [ 69%] Built target motorsim_interfaces__rosidl_typesupport_introspection_cpp
[2.409s] [ 69%] Built target motorsim_interfaces__rosidl_typesupport_microxrcedds_cpp
[2.435s] [ 69%] Built target motorsim_interfaces__rosidl_typesupport_fastrtps_cpp
[2.447s] [ 71%] [32m[1mLinking CXX shared library libmotorsim_interfaces__rosidl_typesupport_fastrtps_c.so[0m
[2.493s] [ 71%] Built target motorsim_interfaces__rosidl_typesupport_fastrtps_c
[2.510s] [ 71%] Built target motorsim_interfaces
[2.530s] [ 74%] [34m[1mGenerating Python code for ROS interfaces[0m
[2.733s] [ 74%] Built target motorsim_interfaces__py
[2.750s] [ 76%] [32mBuilding C object CMakeFiles/motorsim_interfaces__rosidl_generator_py.dir/rosidl_generator_py/motorsim_interfaces/srv/_motor_spawn_s.c.o[0m
[2.847s] [ 79%] [32m[1mLinking C shared library rosidl_generator_py/motorsim_interfaces/libmotorsim_interfaces__rosidl_generator_py.so[0m
[2.876s] [ 79%] Built target motorsim_interfaces__rosidl_generator_py
[2.895s] [ 82%] [32mBuilding C object CMakeFiles/motorsim_interfaces__rosidl_typesupport_introspection_c__pyext.dir/rosidl_generator_py/motorsim_interfaces/_motorsim_interfaces_s.ep.rosidl_typesupport_introspection_c.c.o[0m
[2.895s] [ 84%] [32mBuilding C object CMakeFiles/motorsim_interfaces__rosidl_typesupport_fastrtps_c__pyext.dir/rosidl_generator_py/motorsim_interfaces/_motorsim_interfaces_s.ep.rosidl_typesupport_fastrtps_c.c.o[0m
[2.895s] [ 87%] [32mBuilding C object CMakeFiles/motorsim_interfaces__rosidl_typesupport_microxrcedds_c__pyext.dir/rosidl_generator_py/motorsim_interfaces/_motorsim_interfaces_s.ep.rosidl_typesupport_microxrcedds_c.c.o[0m
[2.898s] [ 89%] [32mBuilding C object CMakeFiles/motorsim_interfaces__rosidl_typesupport_c__pyext.dir/rosidl_generator_py/motorsim_interfaces/_motorsim_interfaces_s.ep.rosidl_typesupport_c.c.o[0m
[2.954s] [100%] [32m[1mLinking C shared library rosidl_generator_py/motorsim_interfaces/motorsim_interfaces_s__rosidl_typesupport_microxrcedds_c.cpython-310-x86_64-linux-gnu.so[0m
[2.954s] [100%] [32m[1mLinking C shared library rosidl_generator_py/motorsim_interfaces/motorsim_interfaces_s__rosidl_typesupport_c.cpython-310-x86_64-linux-gnu.so[0m
[2.954s] [100%] [32m[1mLinking C shared library rosidl_generator_py/motorsim_interfaces/motorsim_interfaces_s__rosidl_typesupport_introspection_c.cpython-310-x86_64-linux-gnu.so[0m
[2.954s] [100%] [32m[1mLinking C shared library rosidl_generator_py/motorsim_interfaces/motorsim_interfaces_s__rosidl_typesupport_fastrtps_c.cpython-310-x86_64-linux-gnu.so[0m
[2.982s] [100%] Built target motorsim_interfaces__rosidl_typesupport_introspection_c__pyext
[2.982s] [100%] Built target motorsim_interfaces__rosidl_typesupport_fastrtps_c__pyext
[2.983s] [100%] Built target motorsim_interfaces__rosidl_typesupport_microxrcedds_c__pyext
[2.983s] [100%] Built target motorsim_interfaces__rosidl_typesupport_c__pyext
[2.992s] Invoked command in '/home/teety/GitHub/FUN3-5/build/motorsim_interfaces' returned '0': CMAKE_PREFIX_PATH=${CMAKE_PREFIX_PATH}:/home/teety/ros2_ws/install/launch_testing_examples:/home/teety/ros2_ws/install/examples_rclpy_pointcloud_publisher:/home/teety/ros2_ws/install/examples_rclpy_minimal_subscriber:/home/teety/ros2_ws/install/examples_rclpy_minimal_service:/home/teety/ros2_ws/install/examples_rclpy_minimal_publisher:/home/teety/ros2_ws/install/examples_rclpy_minimal_client:/home/teety/ros2_ws/install/examples_rclpy_minimal_action_server:/home/teety/ros2_ws/install/examples_rclpy_minimal_action_client:/home/teety/ros2_ws/install/examples_rclpy_guard_conditions:/home/teety/ros2_ws/install/examples_rclpy_executors:/home/teety/microros_ws/install/sensor_msgs_py:/opt/ros/humble /usr/local/bin/cmake --build /home/teety/GitHub/FUN3-5/build/motorsim_interfaces -- -j20 -l20
[3.080s] Invoking command in '/home/teety/GitHub/FUN3-5/build/motorsim_interfaces': CMAKE_PREFIX_PATH=${CMAKE_PREFIX_PATH}:/home/teety/ros2_ws/install/launch_testing_examples:/home/teety/ros2_ws/install/examples_rclpy_pointcloud_publisher:/home/teety/ros2_ws/install/examples_rclpy_minimal_subscriber:/home/teety/ros2_ws/install/examples_rclpy_minimal_service:/home/teety/ros2_ws/install/examples_rclpy_minimal_publisher:/home/teety/ros2_ws/install/examples_rclpy_minimal_client:/home/teety/ros2_ws/install/examples_rclpy_minimal_action_server:/home/teety/ros2_ws/install/examples_rclpy_minimal_action_client:/home/teety/ros2_ws/install/examples_rclpy_guard_conditions:/home/teety/ros2_ws/install/examples_rclpy_executors:/home/teety/microros_ws/install/sensor_msgs_py:/opt/ros/humble /usr/local/bin/cmake --install /home/teety/GitHub/FUN3-5/build/motorsim_interfaces
[3.086s] -- Install configuration: ""
[3.086s] -- Installing: /home/teety/GitHub/FUN3-5/install/motorsim_interfaces/share/ament_index/resource_index/rosidl_interfaces/motorsim_interfaces
[3.086s] -- Installing: /home/teety/GitHub/FUN3-5/install/motorsim_interfaces/include/motorsim_interfaces/motorsim_interfaces
[3.086s] -- Installing: /home/teety/GitHub/FUN3-5/install/motorsim_interfaces/include/motorsim_interfaces/motorsim_interfaces/srv
[3.086s] -- Installing: /home/teety/GitHub/FUN3-5/install/motorsim_interfaces/include/motorsim_interfaces/motorsim_interfaces/srv/motor_spawn.h
[3.086s] -- Installing: /home/teety/GitHub/FUN3-5/install/motorsim_interfaces/include/motorsim_interfaces/motorsim_interfaces/srv/detail
[3.086s] -- Installing: /home/teety/GitHub/FUN3-5/install/motorsim_interfaces/include/motorsim_interfaces/motorsim_interfaces/srv/detail/motor_spawn__functions.c
[3.086s] -- Installing: /home/teety/GitHub/FUN3-5/install/motorsim_interfaces/include/motorsim_interfaces/motorsim_interfaces/srv/detail/motor_spawn__type_support.h
[3.086s] -- Installing: /home/teety/GitHub/FUN3-5/install/motorsim_interfaces/include/motorsim_interfaces/motorsim_interfaces/srv/detail/motor_spawn__functions.h
[3.087s] -- Installing: /home/teety/GitHub/FUN3-5/install/motorsim_interfaces/include/motorsim_interfaces/motorsim_interfaces/srv/detail/motor_spawn__struct.h
[3.087s] -- Installing: /home/teety/GitHub/FUN3-5/install/motorsim_interfaces/include/motorsim_interfaces/motorsim_interfaces/msg
[3.087s] -- Installing: /home/teety/GitHub/FUN3-5/install/motorsim_interfaces/include/motorsim_interfaces/motorsim_interfaces/msg/rosidl_generator_c__visibility_control.h
[3.087s] -- Installing: /home/teety/GitHub/FUN3-5/install/motorsim_interfaces/share/motorsim_interfaces/environment/library_path.sh
[3.087s] -- Installing: /home/teety/GitHub/FUN3-5/install/motorsim_interfaces/share/motorsim_interfaces/environment/library_path.dsv
[3.087s] -- Installing: /home/teety/GitHub/FUN3-5/install/motorsim_interfaces/lib/libmotorsim_interfaces__rosidl_generator_c.so
[3.087s] -- Set runtime path of "/home/teety/GitHub/FUN3-5/install/motorsim_interfaces/lib/libmotorsim_interfaces__rosidl_generator_c.so" to ""
[3.087s] -- Up-to-date: /home/teety/GitHub/FUN3-5/install/motorsim_interfaces/include/motorsim_interfaces
[3.087s] -- Installing: /home/teety/GitHub/FUN3-5/install/motorsim_interfaces/include/motorsim_interfaces/srv
[3.087s] -- Installing: /home/teety/GitHub/FUN3-5/install/motorsim_interfaces/include/motorsim_interfaces/srv/detail
[3.087s] -- Installing: /home/teety/GitHub/FUN3-5/install/motorsim_interfaces/include/motorsim_interfaces/srv/detail/motor_spawn__rosidl_typesupport_microxrcedds_c.h
[3.087s] -- Installing: /home/teety/GitHub/FUN3-5/install/motorsim_interfaces/include/motorsim_interfaces/srv/detail/microxrcedds
[3.087s] -- Installing: /home/teety/GitHub/FUN3-5/install/motorsim_interfaces/include/motorsim_interfaces/msg
[3.087s] -- Installing: /home/teety/GitHub/FUN3-5/install/motorsim_interfaces/include/motorsim_interfaces/msg/rosidl_typesupport_microxrcedds_c__visibility_control.h
[3.087s] -- Installing: /home/teety/GitHub/FUN3-5/install/motorsim_interfaces/lib/libmotorsim_interfaces__rosidl_typesupport_microxrcedds_c.so
[3.087s] -- Set runtime path of "/home/teety/GitHub/FUN3-5/install/motorsim_interfaces/lib/libmotorsim_interfaces__rosidl_typesupport_microxrcedds_c.so" to ""
[3.087s] -- Up-to-date: /home/teety/GitHub/FUN3-5/install/motorsim_interfaces/include/motorsim_interfaces/motorsim_interfaces
[3.087s] -- Up-to-date: /home/teety/GitHub/FUN3-5/install/motorsim_interfaces/include/motorsim_interfaces/motorsim_interfaces/srv
[3.087s] -- Up-to-date: /home/teety/GitHub/FUN3-5/install/motorsim_interfaces/include/motorsim_interfaces/motorsim_interfaces/srv/detail
[3.087s] -- Installing: /home/teety/GitHub/FUN3-5/install/motorsim_interfaces/include/motorsim_interfaces/motorsim_interfaces/srv/detail/motor_spawn__rosidl_typesupport_fastrtps_c.h
[3.087s] -- Up-to-date: /home/teety/GitHub/FUN3-5/install/motorsim_interfaces/include/motorsim_interfaces/motorsim_interfaces/msg
[3.087s] -- Installing: /home/teety/GitHub/FUN3-5/install/motorsim_interfaces/include/motorsim_interfaces/motorsim_interfaces/msg/rosidl_typesupport_fastrtps_c__visibility_control.h
[3.087s] -- Installing: /home/teety/GitHub/FUN3-5/install/motorsim_interfaces/lib/libmotorsim_interfaces__rosidl_typesupport_fastrtps_c.so
[3.087s] -- Set runtime path of "/home/teety/GitHub/FUN3-5/install/motorsim_interfaces/lib/libmotorsim_interfaces__rosidl_typesupport_fastrtps_c.so" to ""
[3.087s] -- Up-to-date: /home/teety/GitHub/FUN3-5/install/motorsim_interfaces/include/motorsim_interfaces/motorsim_interfaces
[3.087s] -- Up-to-date: /home/teety/GitHub/FUN3-5/install/motorsim_interfaces/include/motorsim_interfaces/motorsim_interfaces/srv
[3.087s] -- Up-to-date: /home/teety/GitHub/FUN3-5/install/motorsim_interfaces/include/motorsim_interfaces/motorsim_interfaces/srv/detail
[3.087s] -- Installing: /home/teety/GitHub/FUN3-5/install/motorsim_interfaces/include/motorsim_interfaces/motorsim_interfaces/srv/detail/motor_spawn__type_support.c
[3.087s] -- Installing: /home/teety/GitHub/FUN3-5/install/motorsim_interfaces/include/motorsim_interfaces/motorsim_interfaces/srv/detail/motor_spawn__rosidl_typesupport_introspection_c.h
[3.087s] -- Up-to-date: /home/teety/GitHub/FUN3-5/install/motorsim_interfaces/include/motorsim_interfaces/motorsim_interfaces/msg
[3.087s] -- Installing: /home/teety/GitHub/FUN3-5/install/motorsim_interfaces/include/motorsim_interfaces/motorsim_interfaces/msg/rosidl_typesupport_introspection_c__visibility_control.h
[3.087s] -- Installing: /home/teety/GitHub/FUN3-5/install/motorsim_interfaces/lib/libmotorsim_interfaces__rosidl_typesupport_introspection_c.so
[3.088s] -- Set runtime path of "/home/teety/GitHub/FUN3-5/install/motorsim_interfaces/lib/libmotorsim_interfaces__rosidl_typesupport_introspection_c.so" to ""
[3.088s] -- Installing: /home/teety/GitHub/FUN3-5/install/motorsim_interfaces/lib/libmotorsim_interfaces__rosidl_typesupport_c.so
[3.088s] -- Set runtime path of "/home/teety/GitHub/FUN3-5/install/motorsim_interfaces/lib/libmotorsim_interfaces__rosidl_typesupport_c.so" to ""
[3.088s] -- Up-to-date: /home/teety/GitHub/FUN3-5/install/motorsim_interfaces/include/motorsim_interfaces/motorsim_interfaces
[3.088s] -- Up-to-date: /home/teety/GitHub/FUN3-5/install/motorsim_interfaces/include/motorsim_interfaces/motorsim_interfaces/srv
[3.088s] -- Up-to-date: /home/teety/GitHub/FUN3-5/install/motorsim_interfaces/include/motorsim_interfaces/motorsim_interfaces/srv/detail
[3.088s] -- Installing: /home/teety/GitHub/FUN3-5/install/motorsim_interfaces/include/motorsim_interfaces/motorsim_interfaces/srv/detail/motor_spawn__struct.hpp
[3.088s] -- Installing: /home/teety/GitHub/FUN3-5/install/motorsim_interfaces/include/motorsim_interfaces/motorsim_interfaces/srv/detail/motor_spawn__traits.hpp
[3.088s] -- Installing: /home/teety/GitHub/FUN3-5/install/motorsim_interfaces/include/motorsim_interfaces/motorsim_interfaces/srv/detail/motor_spawn__builder.hpp
[3.088s] -- Installing: /home/teety/GitHub/FUN3-5/install/motorsim_interfaces/include/motorsim_interfaces/motorsim_interfaces/srv/motor_spawn.hpp
[3.088s] -- Up-to-date: /home/teety/GitHub/FUN3-5/install/motorsim_interfaces/include/motorsim_interfaces
[3.088s] -- Up-to-date: /home/teety/GitHub/FUN3-5/install/motorsim_interfaces/include/motorsim_interfaces/srv
[3.088s] -- Up-to-date: /home/teety/GitHub/FUN3-5/install/motorsim_interfaces/include/motorsim_interfaces/srv/detail
[3.088s] -- Installing: /home/teety/GitHub/FUN3-5/install/motorsim_interfaces/include/motorsim_interfaces/srv/detail/motor_spawn__rosidl_typesupport_microxrcedds_cpp.hpp
[3.088s] -- Up-to-date: /home/teety/GitHub/FUN3-5/install/motorsim_interfaces/include/motorsim_interfaces/srv/detail/microxrcedds
[3.088s] -- Installing: /home/teety/GitHub/FUN3-5/install/motorsim_interfaces/include/motorsim_interfaces/srv/detail/microxrcedds/motor_spawn__type_support_cpp.cpp
[3.088s] -- Up-to-date: /home/teety/GitHub/FUN3-5/install/motorsim_interfaces/include/motorsim_interfaces/msg
[3.088s] -- Installing: /home/teety/GitHub/FUN3-5/install/motorsim_interfaces/include/motorsim_interfaces/msg/rosidl_typesupport_microxrcedds_cpp__visibility_control.h
[3.088s] -- Installing: /home/teety/GitHub/FUN3-5/install/motorsim_interfaces/lib/libmotorsim_interfaces__rosidl_typesupport_microxrcedds_cpp.so
[3.088s] -- Set runtime path of "/home/teety/GitHub/FUN3-5/install/motorsim_interfaces/lib/libmotorsim_interfaces__rosidl_typesupport_microxrcedds_cpp.so" to ""
[3.088s] -- Up-to-date: /home/teety/GitHub/FUN3-5/install/motorsim_interfaces/include/motorsim_interfaces/motorsim_interfaces
[3.088s] -- Up-to-date: /home/teety/GitHub/FUN3-5/install/motorsim_interfaces/include/motorsim_interfaces/motorsim_interfaces/srv
[3.088s] -- Up-to-date: /home/teety/GitHub/FUN3-5/install/motorsim_interfaces/include/motorsim_interfaces/motorsim_interfaces/srv/detail
[3.088s] -- Installing: /home/teety/GitHub/FUN3-5/install/motorsim_interfaces/include/motorsim_interfaces/motorsim_interfaces/srv/detail/motor_spawn__rosidl_typesupport_fastrtps_cpp.hpp
[3.088s] -- Installing: /home/teety/GitHub/FUN3-5/install/motorsim_interfaces/include/motorsim_interfaces/motorsim_interfaces/srv/detail/dds_fastrtps
[3.088s] -- Up-to-date: /home/teety/GitHub/FUN3-5/install/motorsim_interfaces/include/motorsim_interfaces/motorsim_interfaces/msg
[3.088s] -- Installing: /home/teety/GitHub/FUN3-5/install/motorsim_interfaces/include/motorsim_interfaces/motorsim_interfaces/msg/rosidl_typesupport_fastrtps_cpp__visibility_control.h
[3.088s] -- Installing: /home/teety/GitHub/FUN3-5/install/motorsim_interfaces/lib/libmotorsim_interfaces__rosidl_typesupport_fastrtps_cpp.so
[3.088s] -- Set runtime path of "/home/teety/GitHub/FUN3-5/install/motorsim_interfaces/lib/libmotorsim_interfaces__rosidl_typesupport_fastrtps_cpp.so" to ""
[3.088s] -- Up-to-date: /home/teety/GitHub/FUN3-5/install/motorsim_interfaces/include/motorsim_interfaces/motorsim_interfaces
[3.088s] -- Up-to-date: /home/teety/GitHub/FUN3-5/install/motorsim_interfaces/include/motorsim_interfaces/motorsim_interfaces/srv
[3.088s] -- Up-to-date: /home/teety/GitHub/FUN3-5/install/motorsim_interfaces/include/motorsim_interfaces/motorsim_interfaces/srv/detail
[3.088s] -- Installing: /home/teety/GitHub/FUN3-5/install/motorsim_interfaces/include/motorsim_interfaces/motorsim_interfaces/srv/detail/motor_spawn__rosidl_typesupport_introspection_cpp.hpp
[3.088s] -- Installing: /home/teety/GitHub/FUN3-5/install/motorsim_interfaces/include/motorsim_interfaces/motorsim_interfaces/srv/detail/motor_spawn__type_support.cpp
[3.089s] -- Installing: /home/teety/GitHub/FUN3-5/install/motorsim_interfaces/lib/libmotorsim_interfaces__rosidl_typesupport_introspection_cpp.so
[3.089s] -- Set runtime path of "/home/teety/GitHub/FUN3-5/install/motorsim_interfaces/lib/libmotorsim_interfaces__rosidl_typesupport_introspection_cpp.so" to ""
[3.089s] -- Installing: /home/teety/GitHub/FUN3-5/install/motorsim_interfaces/lib/libmotorsim_interfaces__rosidl_typesupport_cpp.so
[3.089s] -- Set runtime path of "/home/teety/GitHub/FUN3-5/install/motorsim_interfaces/lib/libmotorsim_interfaces__rosidl_typesupport_cpp.so" to ""
[3.089s] -- Installing: /home/teety/GitHub/FUN3-5/install/motorsim_interfaces/share/motorsim_interfaces/environment/pythonpath.sh
[3.089s] -- Installing: /home/teety/GitHub/FUN3-5/install/motorsim_interfaces/share/motorsim_interfaces/environment/pythonpath.dsv
[3.089s] -- Installing: /home/teety/GitHub/FUN3-5/install/motorsim_interfaces/local/lib/python3.10/dist-packages/motorsim_interfaces-0.0.0-py3.10.egg-info
[3.089s] -- Installing: /home/teety/GitHub/FUN3-5/install/motorsim_interfaces/local/lib/python3.10/dist-packages/motorsim_interfaces-0.0.0-py3.10.egg-info/top_level.txt
[3.089s] -- Installing: /home/teety/GitHub/FUN3-5/install/motorsim_interfaces/local/lib/python3.10/dist-packages/motorsim_interfaces-0.0.0-py3.10.egg-info/dependency_links.txt
[3.089s] -- Installing: /home/teety/GitHub/FUN3-5/install/motorsim_interfaces/local/lib/python3.10/dist-packages/motorsim_interfaces-0.0.0-py3.10.egg-info/PKG-INFO
[3.089s] -- Installing: /home/teety/GitHub/FUN3-5/install/motorsim_interfaces/local/lib/python3.10/dist-packages/motorsim_interfaces-0.0.0-py3.10.egg-info/SOURCES.txt
[3.089s] -- Installing: /home/teety/GitHub/FUN3-5/install/motorsim_interfaces/local/lib/python3.10/dist-packages/motorsim_interfaces
[3.089s] -- Installing: /home/teety/GitHub/FUN3-5/install/motorsim_interfaces/local/lib/python3.10/dist-packages/motorsim_interfaces/srv
[3.089s] -- Installing: /home/teety/GitHub/FUN3-5/install/motorsim_interfaces/local/lib/python3.10/dist-packages/motorsim_interfaces/srv/__init__.py
[3.089s] -- Installing: /home/teety/GitHub/FUN3-5/install/motorsim_interfaces/local/lib/python3.10/dist-packages/motorsim_interfaces/srv/_motor_spawn.py
[3.089s] -- Installing: /home/teety/GitHub/FUN3-5/install/motorsim_interfaces/local/lib/python3.10/dist-packages/motorsim_interfaces/srv/_motor_spawn_s.c
[3.089s] -- Installing: /home/teety/GitHub/FUN3-5/install/motorsim_interfaces/local/lib/python3.10/dist-packages/motorsim_interfaces/motorsim_interfaces_s__rosidl_typesupport_fastrtps_c.cpython-310-x86_64-linux-gnu.so
[3.089s] -- Installing: /home/teety/GitHub/FUN3-5/install/motorsim_interfaces/local/lib/python3.10/dist-packages/motorsim_interfaces/motorsim_interfaces_s__rosidl_typesupport_c.cpython-310-x86_64-linux-gnu.so
[3.089s] -- Installing: /home/teety/GitHub/FUN3-5/install/motorsim_interfaces/local/lib/python3.10/dist-packages/motorsim_interfaces/__init__.py
[3.089s] -- Installing: /home/teety/GitHub/FUN3-5/install/motorsim_interfaces/local/lib/python3.10/dist-packages/motorsim_interfaces/_motorsim_interfaces_s.ep.rosidl_typesupport_fastrtps_c.c
[3.089s] -- Installing: /home/teety/GitHub/FUN3-5/install/motorsim_interfaces/local/lib/python3.10/dist-packages/motorsim_interfaces/_motorsim_interfaces_s.ep.rosidl_typesupport_microxrcedds_c.c
[3.089s] -- Installing: /home/teety/GitHub/FUN3-5/install/motorsim_interfaces/local/lib/python3.10/dist-packages/motorsim_interfaces/motorsim_interfaces_s__rosidl_typesupport_microxrcedds_c.cpython-310-x86_64-linux-gnu.so
[3.089s] -- Installing: /home/teety/GitHub/FUN3-5/install/motorsim_interfaces/local/lib/python3.10/dist-packages/motorsim_interfaces/motorsim_interfaces_s__rosidl_typesupport_introspection_c.cpython-310-x86_64-linux-gnu.so
[3.089s] -- Installing: /home/teety/GitHub/FUN3-5/install/motorsim_interfaces/local/lib/python3.10/dist-packages/motorsim_interfaces/_motorsim_interfaces_s.ep.rosidl_typesupport_introspection_c.c
[3.090s] -- Installing: /home/teety/GitHub/FUN3-5/install/motorsim_interfaces/local/lib/python3.10/dist-packages/motorsim_interfaces/libmotorsim_interfaces__rosidl_generator_py.so
[3.090s] -- Installing: /home/teety/GitHub/FUN3-5/install/motorsim_interfaces/local/lib/python3.10/dist-packages/motorsim_interfaces/_motorsim_interfaces_s.ep.rosidl_typesupport_c.c
[3.117s] Listing '/home/teety/GitHub/FUN3-5/install/motorsim_interfaces/local/lib/python3.10/dist-packages/motorsim_interfaces'...
[3.117s] Compiling '/home/teety/GitHub/FUN3-5/install/motorsim_interfaces/local/lib/python3.10/dist-packages/motorsim_interfaces/__init__.py'...
[3.117s] Listing '/home/teety/GitHub/FUN3-5/install/motorsim_interfaces/local/lib/python3.10/dist-packages/motorsim_interfaces/srv'...
[3.117s] Compiling '/home/teety/GitHub/FUN3-5/install/motorsim_interfaces/local/lib/python3.10/dist-packages/motorsim_interfaces/srv/__init__.py'...
[3.117s] Compiling '/home/teety/GitHub/FUN3-5/install/motorsim_interfaces/local/lib/python3.10/dist-packages/motorsim_interfaces/srv/_motor_spawn.py'...
[3.119s] -- Installing: /home/teety/GitHub/FUN3-5/install/motorsim_interfaces/local/lib/python3.10/dist-packages/motorsim_interfaces/motorsim_interfaces_s__rosidl_typesupport_microxrcedds_c.cpython-310-x86_64-linux-gnu.so
[3.119s] -- Set runtime path of "/home/teety/GitHub/FUN3-5/install/motorsim_interfaces/local/lib/python3.10/dist-packages/motorsim_interfaces/motorsim_interfaces_s__rosidl_typesupport_microxrcedds_c.cpython-310-x86_64-linux-gnu.so" to ""
[3.119s] -- Installing: /home/teety/GitHub/FUN3-5/install/motorsim_interfaces/local/lib/python3.10/dist-packages/motorsim_interfaces/motorsim_interfaces_s__rosidl_typesupport_fastrtps_c.cpython-310-x86_64-linux-gnu.so
[3.119s] -- Set runtime path of "/home/teety/GitHub/FUN3-5/install/motorsim_interfaces/local/lib/python3.10/dist-packages/motorsim_interfaces/motorsim_interfaces_s__rosidl_typesupport_fastrtps_c.cpython-310-x86_64-linux-gnu.so" to ""
[3.119s] -- Installing: /home/teety/GitHub/FUN3-5/install/motorsim_interfaces/local/lib/python3.10/dist-packages/motorsim_interfaces/motorsim_interfaces_s__rosidl_typesupport_introspection_c.cpython-310-x86_64-linux-gnu.so
[3.119s] -- Set runtime path of "/home/teety/GitHub/FUN3-5/install/motorsim_interfaces/local/lib/python3.10/dist-packages/motorsim_interfaces/motorsim_interfaces_s__rosidl_typesupport_introspection_c.cpython-310-x86_64-linux-gnu.so" to ""
[3.119s] -- Installing: /home/teety/GitHub/FUN3-5/install/motorsim_interfaces/local/lib/python3.10/dist-packages/motorsim_interfaces/motorsim_interfaces_s__rosidl_typesupport_c.cpython-310-x86_64-linux-gnu.so
[3.119s] -- Set runtime path of "/home/teety/GitHub/FUN3-5/install/motorsim_interfaces/local/lib/python3.10/dist-packages/motorsim_interfaces/motorsim_interfaces_s__rosidl_typesupport_c.cpython-310-x86_64-linux-gnu.so" to ""
[3.119s] -- Installing: /home/teety/GitHub/FUN3-5/install/motorsim_interfaces/lib/libmotorsim_interfaces__rosidl_generator_py.so
[3.120s] -- Set runtime path of "/home/teety/GitHub/FUN3-5/install/motorsim_interfaces/lib/libmotorsim_interfaces__rosidl_generator_py.so" to ""
[3.120s] -- Installing: /home/teety/GitHub/FUN3-5/install/motorsim_interfaces/share/motorsim_interfaces/srv/MotorSpawn.idl
[3.120s] -- Installing: /home/teety/GitHub/FUN3-5/install/motorsim_interfaces/share/motorsim_interfaces/srv/MotorSpawn.srv
[3.120s] -- Installing: /home/teety/GitHub/FUN3-5/install/motorsim_interfaces/share/motorsim_interfaces/srv/MotorSpawn_Request.msg
[3.120s] -- Installing: /home/teety/GitHub/FUN3-5/install/motorsim_interfaces/share/motorsim_interfaces/srv/MotorSpawn_Response.msg
[3.120s] -- Installing: /home/teety/GitHub/FUN3-5/install/motorsim_interfaces/share/ament_index/resource_index/package_run_dependencies/motorsim_interfaces
[3.120s] -- Installing: /home/teety/GitHub/FUN3-5/install/motorsim_interfaces/share/ament_index/resource_index/parent_prefix_path/motorsim_interfaces
[3.120s] -- Installing: /home/teety/GitHub/FUN3-5/install/motorsim_interfaces/share/motorsim_interfaces/environment/ament_prefix_path.sh
[3.120s] -- Installing: /home/teety/GitHub/FUN3-5/install/motorsim_interfaces/share/motorsim_interfaces/environment/ament_prefix_path.dsv
[3.120s] -- Installing: /home/teety/GitHub/FUN3-5/install/motorsim_interfaces/share/motorsim_interfaces/environment/path.sh
[3.120s] -- Installing: /home/teety/GitHub/FUN3-5/install/motorsim_interfaces/share/motorsim_interfaces/environment/path.dsv
[3.120s] -- Installing: /home/teety/GitHub/FUN3-5/install/motorsim_interfaces/share/motorsim_interfaces/local_setup.bash
[3.120s] -- Installing: /home/teety/GitHub/FUN3-5/install/motorsim_interfaces/share/motorsim_interfaces/local_setup.sh
[3.120s] -- Installing: /home/teety/GitHub/FUN3-5/install/motorsim_interfaces/share/motorsim_interfaces/local_setup.zsh
[3.120s] -- Installing: /home/teety/GitHub/FUN3-5/install/motorsim_interfaces/share/motorsim_interfaces/local_setup.dsv
[3.120s] -- Installing: /home/teety/GitHub/FUN3-5/install/motorsim_interfaces/share/motorsim_interfaces/package.dsv
[3.120s] -- Installing: /home/teety/GitHub/FUN3-5/install/motorsim_interfaces/share/ament_index/resource_index/packages/motorsim_interfaces
[3.120s] -- Installing: /home/teety/GitHub/FUN3-5/install/motorsim_interfaces/share/motorsim_interfaces/cmake/export_motorsim_interfaces__rosidl_generator_cExport.cmake
[3.120s] -- Installing: /home/teety/GitHub/FUN3-5/install/motorsim_interfaces/share/motorsim_interfaces/cmake/export_motorsim_interfaces__rosidl_generator_cExport-noconfig.cmake
[3.120s] -- Installing: /home/teety/GitHub/FUN3-5/install/motorsim_interfaces/share/motorsim_interfaces/cmake/export_motorsim_interfaces__rosidl_typesupport_fastrtps_cExport.cmake
[3.120s] -- Installing: /home/teety/GitHub/FUN3-5/install/motorsim_interfaces/share/motorsim_interfaces/cmake/export_motorsim_interfaces__rosidl_typesupport_fastrtps_cExport-noconfig.cmake
[3.120s] -- Installing: /home/teety/GitHub/FUN3-5/install/motorsim_interfaces/share/motorsim_interfaces/cmake/motorsim_interfaces__rosidl_typesupport_introspection_cExport.cmake
[3.121s] -- Installing: /home/teety/GitHub/FUN3-5/install/motorsim_interfaces/share/motorsim_interfaces/cmake/motorsim_interfaces__rosidl_typesupport_introspection_cExport-noconfig.cmake
[3.121s] -- Installing: /home/teety/GitHub/FUN3-5/install/motorsim_interfaces/share/motorsim_interfaces/cmake/motorsim_interfaces__rosidl_typesupport_cExport.cmake
[3.121s] -- Installing: /home/teety/GitHub/FUN3-5/install/motorsim_interfaces/share/motorsim_interfaces/cmake/motorsim_interfaces__rosidl_typesupport_cExport-noconfig.cmake
[3.121s] -- Installing: /home/teety/GitHub/FUN3-5/install/motorsim_interfaces/share/motorsim_interfaces/cmake/export_motorsim_interfaces__rosidl_generator_cppExport.cmake
[3.121s] -- Installing: /home/teety/GitHub/FUN3-5/install/motorsim_interfaces/share/motorsim_interfaces/cmake/export_motorsim_interfaces__rosidl_typesupport_fastrtps_cppExport.cmake
[3.121s] -- Installing: /home/teety/GitHub/FUN3-5/install/motorsim_interfaces/share/motorsim_interfaces/cmake/export_motorsim_interfaces__rosidl_typesupport_fastrtps_cppExport-noconfig.cmake
[3.121s] -- Installing: /home/teety/GitHub/FUN3-5/install/motorsim_interfaces/share/motorsim_interfaces/cmake/motorsim_interfaces__rosidl_typesupport_introspection_cppExport.cmake
[3.121s] -- Installing: /home/teety/GitHub/FUN3-5/install/motorsim_interfaces/share/motorsim_interfaces/cmake/motorsim_interfaces__rosidl_typesupport_introspection_cppExport-noconfig.cmake
[3.121s] -- Installing: /home/teety/GitHub/FUN3-5/install/motorsim_interfaces/share/motorsim_interfaces/cmake/motorsim_interfaces__rosidl_typesupport_cppExport.cmake
[3.121s] -- Installing: /home/teety/GitHub/FUN3-5/install/motorsim_interfaces/share/motorsim_interfaces/cmake/motorsim_interfaces__rosidl_typesupport_cppExport-noconfig.cmake
[3.121s] -- Installing: /home/teety/GitHub/FUN3-5/install/motorsim_interfaces/share/motorsim_interfaces/cmake/export_motorsim_interfaces__rosidl_generator_pyExport.cmake
[3.121s] -- Installing: /home/teety/GitHub/FUN3-5/install/motorsim_interfaces/share/motorsim_interfaces/cmake/export_motorsim_interfaces__rosidl_generator_pyExport-noconfig.cmake
[3.121s] -- Installing: /home/teety/GitHub/FUN3-5/install/motorsim_interfaces/share/motorsim_interfaces/cmake/rosidl_cmake-extras.cmake
[3.121s] -- Installing: /home/teety/GitHub/FUN3-5/install/motorsim_interfaces/share/motorsim_interfaces/cmake/ament_cmake_export_include_directories-extras.cmake
[3.121s] -- Installing: /home/teety/GitHub/FUN3-5/install/motorsim_interfaces/share/motorsim_interfaces/cmake/ament_cmake_export_libraries-extras.cmake
[3.121s] -- Installing: /home/teety/GitHub/FUN3-5/install/motorsim_interfaces/share/motorsim_interfaces/cmake/ament_cmake_export_targets-extras.cmake
[3.121s] -- Installing: /home/teety/GitHub/FUN3-5/install/motorsim_interfaces/share/motorsim_interfaces/cmake/rosidl_cmake_export_typesupport_targets-extras.cmake
[3.121s] -- Installing: /home/teety/GitHub/FUN3-5/install/motorsim_interfaces/share/motorsim_interfaces/cmake/ament_cmake_export_dependencies-extras.cmake
[3.121s] -- Installing: /home/teety/GitHub/FUN3-5/install/motorsim_interfaces/share/motorsim_interfaces/cmake/rosidl_cmake_export_typesupport_libraries-extras.cmake
[3.121s] -- Installing: /home/teety/GitHub/FUN3-5/install/motorsim_interfaces/share/motorsim_interfaces/cmake/motorsim_interfacesConfig.cmake
[3.121s] -- Installing: /home/teety/GitHub/FUN3-5/install/motorsim_interfaces/share/motorsim_interfaces/cmake/motorsim_interfacesConfig-version.cmake
[3.121s] -- Installing: /home/teety/GitHub/FUN3-5/install/motorsim_interfaces/share/motorsim_interfaces/package.xml
[3.123s] Invoked command in '/home/teety/GitHub/FUN3-5/build/motorsim_interfaces' returned '0': CMAKE_PREFIX_PATH=${CMAKE_PREFIX_PATH}:/home/teety/ros2_ws/install/launch_testing_examples:/home/teety/ros2_ws/install/examples_rclpy_pointcloud_publisher:/home/teety/ros2_ws/install/examples_rclpy_minimal_subscriber:/home/teety/ros2_ws/install/examples_rclpy_minimal_service:/home/teety/ros2_ws/install/examples_rclpy_minimal_publisher:/home/teety/ros2_ws/install/examples_rclpy_minimal_client:/home/teety/ros2_ws/install/examples_rclpy_minimal_action_server:/home/teety/ros2_ws/install/examples_rclpy_minimal_action_client:/home/teety/ros2_ws/install/examples_rclpy_guard_conditions:/home/teety/ros2_ws/install/examples_rclpy_executors:/home/teety/microros_ws/install/sensor_msgs_py:/opt/ros/humble /usr/local/bin/cmake --install /home/teety/GitHub/FUN3-5/build/motorsim_interfaces
