[0.061s] DEBUG:colcon:Command line arguments: ['/usr/bin/colcon', 'build']
[0.061s] DEBUG:colcon:Parsed command line arguments: Namespace(log_base=None, log_level=None, verb_name='build', build_base='build', install_base='install', merge_install=False, symlink_install=False, test_result_base=None, continue_on_error=False, executor='parallel', parallel_workers=20, event_handlers=None, ignore_user_meta=False, metas=['./colcon.meta'], base_paths=['.'], packages_ignore=None, packages_ignore_regex=None, paths=None, packages_up_to=None, packages_up_to_regex=None, packages_above=None, packages_above_and_dependencies=None, packages_above_depth=None, packages_select_by_dep=None, packages_skip_by_dep=None, packages_skip_up_to=None, packages_select_build_failed=False, packages_skip_build_finished=False, packages_select_test_failures=False, packages_skip_test_passed=False, packages_select=None, packages_skip=None, packages_select_regex=None, packages_skip_regex=None, packages_start=None, packages_end=None, allow_overriding=[], cmake_args=None, cmake_target=None, cmake_target_skip_unavailable=False, cmake_clean_cache=False, cmake_clean_first=False, cmake_force_configure=False, ament_cmake_args=None, catkin_cmake_args=None, catkin_skip_building_tests=False, verb_parser=<colcon_defaults.argument_parser.defaults.DefaultArgumentsDecorator object at 0x75c6100ba3b0>, verb_extension=<colcon_core.verb.build.BuildVerb object at 0x75c6100b9300>, main=<bound method BuildVerb.main of <colcon_core.verb.build.BuildVerb object at 0x75c6100b9300>>)
[0.146s] Level 1:colcon.colcon_core.package_discovery:discover_packages(colcon_meta) check parameters
[0.146s] Level 1:colcon.colcon_core.package_discovery:discover_packages(recursive) check parameters
[0.146s] Level 1:colcon.colcon_core.package_discovery:discover_packages(ignore) check parameters
[0.146s] Level 1:colcon.colcon_core.package_discovery:discover_packages(path) check parameters
[0.146s] Level 1:colcon.colcon_core.package_discovery:discover_packages(colcon_meta) discover
[0.146s] Level 1:colcon.colcon_core.package_discovery:discover_packages(recursive) discover
[0.146s] INFO:colcon.colcon_core.package_discovery:Crawling recursively for packages in '/home/teety/GitHub/FUN3-5'
[0.146s] Level 1:colcon.colcon_core.package_identification:_identify(.) by extensions ['ignore', 'ignore_ament_install']
[0.146s] Level 1:colcon.colcon_core.package_identification:_identify(.) by extension 'ignore'
[0.146s] Level 1:colcon.colcon_core.package_identification:_identify(.) by extension 'ignore_ament_install'
[0.146s] Level 1:colcon.colcon_core.package_identification:_identify(.) by extensions ['colcon_pkg']
[0.146s] Level 1:colcon.colcon_core.package_identification:_identify(.) by extension 'colcon_pkg'
[0.146s] Level 1:colcon.colcon_core.package_identification:_identify(.) by extensions ['colcon_meta']
[0.146s] Level 1:colcon.colcon_core.package_identification:_identify(.) by extension 'colcon_meta'
[0.146s] Level 1:colcon.colcon_core.package_identification:_identify(.) by extensions ['ros']
[0.146s] Level 1:colcon.colcon_core.package_identification:_identify(.) by extension 'ros'
[0.152s] Level 1:colcon.colcon_core.package_identification:_identify(.) by extensions ['cmake', 'python']
[0.152s] Level 1:colcon.colcon_core.package_identification:_identify(.) by extension 'cmake'
[0.152s] Level 1:colcon.colcon_core.package_identification:_identify(.) by extension 'python'
[0.152s] Level 1:colcon.colcon_core.package_identification:_identify(.) by extensions ['python_setup_py']
[0.152s] Level 1:colcon.colcon_core.package_identification:_identify(.) by extension 'python_setup_py'
[0.152s] Level 1:colcon.colcon_core.package_identification:_identify(build) by extensions ['ignore', 'ignore_ament_install']
[0.152s] Level 1:colcon.colcon_core.package_identification:_identify(build) by extension 'ignore'
[0.152s] Level 1:colcon.colcon_core.package_identification:_identify(build) ignored
[0.152s] Level 1:colcon.colcon_core.package_identification:_identify(install) by extensions ['ignore', 'ignore_ament_install']
[0.152s] Level 1:colcon.colcon_core.package_identification:_identify(install) by extension 'ignore'
[0.152s] Level 1:colcon.colcon_core.package_identification:_identify(install) ignored
[0.152s] Level 1:colcon.colcon_core.package_identification:_identify(log) by extensions ['ignore', 'ignore_ament_install']
[0.152s] Level 1:colcon.colcon_core.package_identification:_identify(log) by extension 'ignore'
[0.152s] Level 1:colcon.colcon_core.package_identification:_identify(log) ignored
[0.152s] Level 1:colcon.colcon_core.package_identification:_identify(src) by extensions ['ignore', 'ignore_ament_install']
[0.152s] Level 1:colcon.colcon_core.package_identification:_identify(src) by extension 'ignore'
[0.152s] Level 1:colcon.colcon_core.package_identification:_identify(src) by extension 'ignore_ament_install'
[0.152s] Level 1:colcon.colcon_core.package_identification:_identify(src) by extensions ['colcon_pkg']
[0.152s] Level 1:colcon.colcon_core.package_identification:_identify(src) by extension 'colcon_pkg'
[0.152s] Level 1:colcon.colcon_core.package_identification:_identify(src) by extensions ['colcon_meta']
[0.152s] Level 1:colcon.colcon_core.package_identification:_identify(src) by extension 'colcon_meta'
[0.152s] Level 1:colcon.colcon_core.package_identification:_identify(src) by extensions ['ros']
[0.152s] Level 1:colcon.colcon_core.package_identification:_identify(src) by extension 'ros'
[0.152s] Level 1:colcon.colcon_core.package_identification:_identify(src) by extensions ['cmake', 'python']
[0.152s] Level 1:colcon.colcon_core.package_identification:_identify(src) by extension 'cmake'
[0.152s] Level 1:colcon.colcon_core.package_identification:_identify(src) by extension 'python'
[0.152s] Level 1:colcon.colcon_core.package_identification:_identify(src) by extensions ['python_setup_py']
[0.152s] Level 1:colcon.colcon_core.package_identification:_identify(src) by extension 'python_setup_py'
[0.152s] Level 1:colcon.colcon_core.package_identification:_identify(src/motorsim) by extensions ['ignore', 'ignore_ament_install']
[0.153s] Level 1:colcon.colcon_core.package_identification:_identify(src/motorsim) by extension 'ignore'
[0.153s] Level 1:colcon.colcon_core.package_identification:_identify(src/motorsim) by extension 'ignore_ament_install'
[0.153s] Level 1:colcon.colcon_core.package_identification:_identify(src/motorsim) by extensions ['colcon_pkg']
[0.153s] Level 1:colcon.colcon_core.package_identification:_identify(src/motorsim) by extension 'colcon_pkg'
[0.153s] Level 1:colcon.colcon_core.package_identification:_identify(src/motorsim) by extensions ['colcon_meta']
[0.153s] Level 1:colcon.colcon_core.package_identification:_identify(src/motorsim) by extension 'colcon_meta'
[0.153s] Level 1:colcon.colcon_core.package_identification:_identify(src/motorsim) by extensions ['ros']
[0.153s] Level 1:colcon.colcon_core.package_identification:_identify(src/motorsim) by extension 'ros'
[0.154s] DEBUG:colcon.colcon_core.package_identification:Package 'src/motorsim' with type 'ros.ament_cmake' and name 'motorsim'
[0.154s] Level 1:colcon.colcon_core.package_identification:_identify(src/motorsim_interfaces) by extensions ['ignore', 'ignore_ament_install']
[0.154s] Level 1:colcon.colcon_core.package_identification:_identify(src/motorsim_interfaces) by extension 'ignore'
[0.154s] Level 1:colcon.colcon_core.package_identification:_identify(src/motorsim_interfaces) by extension 'ignore_ament_install'
[0.154s] Level 1:colcon.colcon_core.package_identification:_identify(src/motorsim_interfaces) by extensions ['colcon_pkg']
[0.154s] Level 1:colcon.colcon_core.package_identification:_identify(src/motorsim_interfaces) by extension 'colcon_pkg'
[0.154s] Level 1:colcon.colcon_core.package_identification:_identify(src/motorsim_interfaces) by extensions ['colcon_meta']
[0.154s] Level 1:colcon.colcon_core.package_identification:_identify(src/motorsim_interfaces) by extension 'colcon_meta'
[0.154s] Level 1:colcon.colcon_core.package_identification:_identify(src/motorsim_interfaces) by extensions ['ros']
[0.154s] Level 1:colcon.colcon_core.package_identification:_identify(src/motorsim_interfaces) by extension 'ros'
[0.154s] DEBUG:colcon.colcon_core.package_identification:Package 'src/motorsim_interfaces' with type 'ros.ament_cmake' and name 'motorsim_interfaces'
[0.154s] Level 1:colcon.colcon_core.package_discovery:discover_packages(recursive) using defaults
[0.154s] Level 1:colcon.colcon_core.package_discovery:discover_packages(ignore) discover
[0.154s] Level 1:colcon.colcon_core.package_discovery:discover_packages(ignore) using defaults
[0.154s] Level 1:colcon.colcon_core.package_discovery:discover_packages(path) discover
[0.154s] Level 1:colcon.colcon_core.package_discovery:discover_packages(path) using defaults
[0.166s] Level 1:colcon.colcon_core.package_discovery:discover_packages(prefix_path) check parameters
[0.167s] Level 1:colcon.colcon_core.package_discovery:discover_packages(prefix_path) discover
[0.167s] WARNING:colcon.colcon_core.prefix_path.colcon:The path '/home/teety/RoboticsDev2024/install' in the environment variable COLCON_PREFIX_PATH doesn't exist
[0.167s] WARNING:colcon.colcon_ros.prefix_path.ament:The path '/home/teety/RoboticsDev2024/install/motorsim_interfaces' in the environment variable AMENT_PREFIX_PATH doesn't exist
[0.167s] WARNING:colcon.colcon_ros.prefix_path.ament:The path '/home/teety/RoboticsDev2024/install/motorsim' in the environment variable AMENT_PREFIX_PATH doesn't exist
[0.168s] WARNING:colcon.colcon_ros.prefix_path.catkin:The path '/home/teety/RoboticsDev2024/install/motorsim_interfaces' in the environment variable CMAKE_PREFIX_PATH doesn't exist
[0.168s] WARNING:colcon.colcon_ros.prefix_path.catkin:The path '/home/teety/RoboticsDev2024/install/motorsim' in the environment variable CMAKE_PREFIX_PATH doesn't exist
[0.169s] DEBUG:colcon.colcon_installed_package_information.package_discovery:Found 2 installed packages in /home/teety/GitHub/FUN3-5/install
[0.169s] DEBUG:colcon.colcon_installed_package_information.package_discovery:Found 39 installed packages in /home/teety/microros_ws/install
[0.170s] DEBUG:colcon.colcon_installed_package_information.package_discovery:Found 31 installed packages in /home/teety/ros2_ws/install
[0.171s] DEBUG:colcon.colcon_installed_package_information.package_discovery:Found 334 installed packages in /opt/ros/humble
[0.176s] Level 1:colcon.colcon_core.package_discovery:discover_packages(prefix_path) using defaults
[0.199s] Level 5:colcon.colcon_core.verb:set package 'motorsim' build argument 'cmake_args' from command line to 'None'
[0.199s] Level 5:colcon.colcon_core.verb:set package 'motorsim' build argument 'cmake_target' from command line to 'None'
[0.199s] Level 5:colcon.colcon_core.verb:set package 'motorsim' build argument 'cmake_target_skip_unavailable' from command line to 'False'
[0.199s] Level 5:colcon.colcon_core.verb:set package 'motorsim' build argument 'cmake_clean_cache' from command line to 'False'
[0.199s] Level 5:colcon.colcon_core.verb:set package 'motorsim' build argument 'cmake_clean_first' from command line to 'False'
[0.199s] Level 5:colcon.colcon_core.verb:set package 'motorsim' build argument 'cmake_force_configure' from command line to 'False'
[0.199s] Level 5:colcon.colcon_core.verb:set package 'motorsim' build argument 'ament_cmake_args' from command line to 'None'
[0.199s] Level 5:colcon.colcon_core.verb:set package 'motorsim' build argument 'catkin_cmake_args' from command line to 'None'
[0.199s] Level 5:colcon.colcon_core.verb:set package 'motorsim' build argument 'catkin_skip_building_tests' from command line to 'False'
[0.199s] DEBUG:colcon.colcon_core.verb:Building package 'motorsim' with the following arguments: {'ament_cmake_args': None, 'build_base': '/home/teety/GitHub/FUN3-5/build/motorsim', 'catkin_cmake_args': None, 'catkin_skip_building_tests': False, 'cmake_args': None, 'cmake_clean_cache': False, 'cmake_clean_first': False, 'cmake_force_configure': False, 'cmake_target': None, 'cmake_target_skip_unavailable': False, 'install_base': '/home/teety/GitHub/FUN3-5/install/motorsim', 'merge_install': False, 'path': '/home/teety/GitHub/FUN3-5/src/motorsim', 'symlink_install': False, 'test_result_base': None}
[0.199s] Level 5:colcon.colcon_core.verb:set package 'motorsim_interfaces' build argument 'cmake_args' from command line to 'None'
[0.199s] Level 5:colcon.colcon_core.verb:set package 'motorsim_interfaces' build argument 'cmake_target' from command line to 'None'
[0.199s] Level 5:colcon.colcon_core.verb:set package 'motorsim_interfaces' build argument 'cmake_target_skip_unavailable' from command line to 'False'
[0.199s] Level 5:colcon.colcon_core.verb:set package 'motorsim_interfaces' build argument 'cmake_clean_cache' from command line to 'False'
[0.199s] Level 5:colcon.colcon_core.verb:set package 'motorsim_interfaces' build argument 'cmake_clean_first' from command line to 'False'
[0.199s] Level 5:colcon.colcon_core.verb:set package 'motorsim_interfaces' build argument 'cmake_force_configure' from command line to 'False'
[0.199s] Level 5:colcon.colcon_core.verb:set package 'motorsim_interfaces' build argument 'ament_cmake_args' from command line to 'None'
[0.199s] Level 5:colcon.colcon_core.verb:set package 'motorsim_interfaces' build argument 'catkin_cmake_args' from command line to 'None'
[0.199s] Level 5:colcon.colcon_core.verb:set package 'motorsim_interfaces' build argument 'catkin_skip_building_tests' from command line to 'False'
[0.199s] DEBUG:colcon.colcon_core.verb:Building package 'motorsim_interfaces' with the following arguments: {'ament_cmake_args': None, 'build_base': '/home/teety/GitHub/FUN3-5/build/motorsim_interfaces', 'catkin_cmake_args': None, 'catkin_skip_building_tests': False, 'cmake_args': None, 'cmake_clean_cache': False, 'cmake_clean_first': False, 'cmake_force_configure': False, 'cmake_target': None, 'cmake_target_skip_unavailable': False, 'install_base': '/home/teety/GitHub/FUN3-5/install/motorsim_interfaces', 'merge_install': False, 'path': '/home/teety/GitHub/FUN3-5/src/motorsim_interfaces', 'symlink_install': False, 'test_result_base': None}
[0.200s] INFO:colcon.colcon_core.executor:Executing jobs using 'parallel' executor
[0.200s] DEBUG:colcon.colcon_parallel_executor.executor.parallel:run_until_complete
[0.200s] INFO:colcon.colcon_ros.task.ament_cmake.build:Building ROS package in '/home/teety/GitHub/FUN3-5/src/motorsim' with build type 'ament_cmake'
[0.200s] INFO:colcon.colcon_cmake.task.cmake.build:Building CMake package in '/home/teety/GitHub/FUN3-5/src/motorsim'
[0.202s] INFO:colcon.colcon_core.plugin_system:Skipping extension 'colcon_core.shell.bat': Not used on non-Windows systems
[0.202s] INFO:colcon.colcon_core.shell:Skip shell extension 'powershell' for command environment: Not usable outside of PowerShell
[0.202s] DEBUG:colcon.colcon_core.shell:Skip shell extension 'dsv' for command environment
[0.206s] INFO:colcon.colcon_ros.task.ament_cmake.build:Building ROS package in '/home/teety/GitHub/FUN3-5/src/motorsim_interfaces' with build type 'ament_cmake'
[0.206s] INFO:colcon.colcon_cmake.task.cmake.build:Building CMake package in '/home/teety/GitHub/FUN3-5/src/motorsim_interfaces'
[0.206s] INFO:colcon.colcon_core.shell:Skip shell extension 'powershell' for command environment: Not usable outside of PowerShell
[0.206s] DEBUG:colcon.colcon_core.shell:Skip shell extension 'dsv' for command environment
[0.212s] DEBUG:colcon.colcon_core.event_handler.log_command:Invoking command in '/home/teety/GitHub/FUN3-5/build/motorsim': CMAKE_PREFIX_PATH=${CMAKE_PREFIX_PATH}:/home/teety/ros2_ws/install/launch_testing_examples:/home/teety/ros2_ws/install/examples_rclpy_pointcloud_publisher:/home/teety/ros2_ws/install/examples_rclpy_minimal_subscriber:/home/teety/ros2_ws/install/examples_rclpy_minimal_service:/home/teety/ros2_ws/install/examples_rclpy_minimal_publisher:/home/teety/ros2_ws/install/examples_rclpy_minimal_client:/home/teety/ros2_ws/install/examples_rclpy_minimal_action_server:/home/teety/ros2_ws/install/examples_rclpy_minimal_action_client:/home/teety/ros2_ws/install/examples_rclpy_guard_conditions:/home/teety/ros2_ws/install/examples_rclpy_executors:/home/teety/microros_ws/install/sensor_msgs_py:/opt/ros/humble /usr/local/bin/cmake --build /home/teety/GitHub/FUN3-5/build/motorsim -- -j20 -l20
[0.215s] DEBUG:colcon.colcon_core.event_handler.log_command:Invoking command in '/home/teety/GitHub/FUN3-5/build/motorsim_interfaces': CMAKE_PREFIX_PATH=${CMAKE_PREFIX_PATH}:/home/teety/ros2_ws/install/launch_testing_examples:/home/teety/ros2_ws/install/examples_rclpy_pointcloud_publisher:/home/teety/ros2_ws/install/examples_rclpy_minimal_subscriber:/home/teety/ros2_ws/install/examples_rclpy_minimal_service:/home/teety/ros2_ws/install/examples_rclpy_minimal_publisher:/home/teety/ros2_ws/install/examples_rclpy_minimal_client:/home/teety/ros2_ws/install/examples_rclpy_minimal_action_server:/home/teety/ros2_ws/install/examples_rclpy_minimal_action_client:/home/teety/ros2_ws/install/examples_rclpy_guard_conditions:/home/teety/ros2_ws/install/examples_rclpy_executors:/home/teety/microros_ws/install/sensor_msgs_py:/opt/ros/humble /usr/local/bin/cmake --build /home/teety/GitHub/FUN3-5/build/motorsim_interfaces -- -j20 -l20
[0.447s] DEBUG:colcon.colcon_core.event_handler.log_command:Invoked command in '/home/teety/GitHub/FUN3-5/build/motorsim' returned '0': CMAKE_PREFIX_PATH=${CMAKE_PREFIX_PATH}:/home/teety/ros2_ws/install/launch_testing_examples:/home/teety/ros2_ws/install/examples_rclpy_pointcloud_publisher:/home/teety/ros2_ws/install/examples_rclpy_minimal_subscriber:/home/teety/ros2_ws/install/examples_rclpy_minimal_service:/home/teety/ros2_ws/install/examples_rclpy_minimal_publisher:/home/teety/ros2_ws/install/examples_rclpy_minimal_client:/home/teety/ros2_ws/install/examples_rclpy_minimal_action_server:/home/teety/ros2_ws/install/examples_rclpy_minimal_action_client:/home/teety/ros2_ws/install/examples_rclpy_guard_conditions:/home/teety/ros2_ws/install/examples_rclpy_executors:/home/teety/microros_ws/install/sensor_msgs_py:/opt/ros/humble /usr/local/bin/cmake --build /home/teety/GitHub/FUN3-5/build/motorsim -- -j20 -l20
[0.452s] DEBUG:colcon.colcon_core.event_handler.log_command:Invoked command in '/home/teety/GitHub/FUN3-5/build/motorsim_interfaces' returned '0': CMAKE_PREFIX_PATH=${CMAKE_PREFIX_PATH}:/home/teety/ros2_ws/install/launch_testing_examples:/home/teety/ros2_ws/install/examples_rclpy_pointcloud_publisher:/home/teety/ros2_ws/install/examples_rclpy_minimal_subscriber:/home/teety/ros2_ws/install/examples_rclpy_minimal_service:/home/teety/ros2_ws/install/examples_rclpy_minimal_publisher:/home/teety/ros2_ws/install/examples_rclpy_minimal_client:/home/teety/ros2_ws/install/examples_rclpy_minimal_action_server:/home/teety/ros2_ws/install/examples_rclpy_minimal_action_client:/home/teety/ros2_ws/install/examples_rclpy_guard_conditions:/home/teety/ros2_ws/install/examples_rclpy_executors:/home/teety/microros_ws/install/sensor_msgs_py:/opt/ros/humble /usr/local/bin/cmake --build /home/teety/GitHub/FUN3-5/build/motorsim_interfaces -- -j20 -l20
[0.483s] DEBUG:colcon.colcon_core.event_handler.log_command:Invoking command in '/home/teety/GitHub/FUN3-5/build/motorsim': CMAKE_PREFIX_PATH=${CMAKE_PREFIX_PATH}:/home/teety/ros2_ws/install/launch_testing_examples:/home/teety/ros2_ws/install/examples_rclpy_pointcloud_publisher:/home/teety/ros2_ws/install/examples_rclpy_minimal_subscriber:/home/teety/ros2_ws/install/examples_rclpy_minimal_service:/home/teety/ros2_ws/install/examples_rclpy_minimal_publisher:/home/teety/ros2_ws/install/examples_rclpy_minimal_client:/home/teety/ros2_ws/install/examples_rclpy_minimal_action_server:/home/teety/ros2_ws/install/examples_rclpy_minimal_action_client:/home/teety/ros2_ws/install/examples_rclpy_guard_conditions:/home/teety/ros2_ws/install/examples_rclpy_executors:/home/teety/microros_ws/install/sensor_msgs_py:/opt/ros/humble /usr/local/bin/cmake --install /home/teety/GitHub/FUN3-5/build/motorsim
[0.521s] Level 1:colcon.colcon_core.environment:create_environment_scripts_only(motorsim)
[0.521s] DEBUG:colcon.colcon_core.event_handler.log_command:Invoked command in '/home/teety/GitHub/FUN3-5/build/motorsim' returned '0': CMAKE_PREFIX_PATH=${CMAKE_PREFIX_PATH}:/home/teety/ros2_ws/install/launch_testing_examples:/home/teety/ros2_ws/install/examples_rclpy_pointcloud_publisher:/home/teety/ros2_ws/install/examples_rclpy_minimal_subscriber:/home/teety/ros2_ws/install/examples_rclpy_minimal_service:/home/teety/ros2_ws/install/examples_rclpy_minimal_publisher:/home/teety/ros2_ws/install/examples_rclpy_minimal_client:/home/teety/ros2_ws/install/examples_rclpy_minimal_action_server:/home/teety/ros2_ws/install/examples_rclpy_minimal_action_client:/home/teety/ros2_ws/install/examples_rclpy_guard_conditions:/home/teety/ros2_ws/install/examples_rclpy_executors:/home/teety/microros_ws/install/sensor_msgs_py:/opt/ros/humble /usr/local/bin/cmake --install /home/teety/GitHub/FUN3-5/build/motorsim
[0.523s] Level 1:colcon.colcon_core.environment:checking '/home/teety/GitHub/FUN3-5/install/motorsim' for CMake module files
[0.523s] Level 1:colcon.colcon_core.environment:checking '/home/teety/GitHub/FUN3-5/install/motorsim' for CMake config files
[0.523s] Level 1:colcon.colcon_core.shell:create_environment_hook('motorsim', 'cmake_prefix_path')
[0.523s] INFO:colcon.colcon_core.shell:Creating environment hook '/home/teety/GitHub/FUN3-5/install/motorsim/share/motorsim/hook/cmake_prefix_path.ps1'
[0.524s] INFO:colcon.colcon_core.shell:Creating environment descriptor '/home/teety/GitHub/FUN3-5/install/motorsim/share/motorsim/hook/cmake_prefix_path.dsv'
[0.524s] INFO:colcon.colcon_core.shell:Creating environment hook '/home/teety/GitHub/FUN3-5/install/motorsim/share/motorsim/hook/cmake_prefix_path.sh'
[0.524s] Level 1:colcon.colcon_core.environment:checking '/home/teety/GitHub/FUN3-5/install/motorsim/lib'
[0.524s] Level 1:colcon.colcon_core.environment:checking '/home/teety/GitHub/FUN3-5/install/motorsim/bin'
[0.524s] Level 1:colcon.colcon_core.environment:checking '/home/teety/GitHub/FUN3-5/install/motorsim/lib/pkgconfig/motorsim.pc'
[0.524s] Level 1:colcon.colcon_core.environment:checking '/home/teety/GitHub/FUN3-5/install/motorsim/lib/python3.10/site-packages'
[0.524s] Level 1:colcon.colcon_core.environment:checking '/home/teety/GitHub/FUN3-5/install/motorsim/bin'
[0.525s] INFO:colcon.colcon_core.shell:Creating package script '/home/teety/GitHub/FUN3-5/install/motorsim/share/motorsim/package.ps1'
[0.525s] INFO:colcon.colcon_core.shell:Creating package descriptor '/home/teety/GitHub/FUN3-5/install/motorsim/share/motorsim/package.dsv'
[0.525s] INFO:colcon.colcon_core.shell:Creating package script '/home/teety/GitHub/FUN3-5/install/motorsim/share/motorsim/package.sh'
[0.526s] INFO:colcon.colcon_core.shell:Creating package script '/home/teety/GitHub/FUN3-5/install/motorsim/share/motorsim/package.bash'
[0.526s] INFO:colcon.colcon_core.shell:Creating package script '/home/teety/GitHub/FUN3-5/install/motorsim/share/motorsim/package.zsh'
[0.526s] Level 1:colcon.colcon_core.environment:create_file_with_runtime_dependencies(/home/teety/GitHub/FUN3-5/install/motorsim/share/colcon-core/packages/motorsim)
[0.543s] DEBUG:colcon.colcon_core.event_handler.log_command:Invoking command in '/home/teety/GitHub/FUN3-5/build/motorsim_interfaces': CMAKE_PREFIX_PATH=${CMAKE_PREFIX_PATH}:/home/teety/ros2_ws/install/launch_testing_examples:/home/teety/ros2_ws/install/examples_rclpy_pointcloud_publisher:/home/teety/ros2_ws/install/examples_rclpy_minimal_subscriber:/home/teety/ros2_ws/install/examples_rclpy_minimal_service:/home/teety/ros2_ws/install/examples_rclpy_minimal_publisher:/home/teety/ros2_ws/install/examples_rclpy_minimal_client:/home/teety/ros2_ws/install/examples_rclpy_minimal_action_server:/home/teety/ros2_ws/install/examples_rclpy_minimal_action_client:/home/teety/ros2_ws/install/examples_rclpy_guard_conditions:/home/teety/ros2_ws/install/examples_rclpy_executors:/home/teety/microros_ws/install/sensor_msgs_py:/opt/ros/humble /usr/local/bin/cmake --install /home/teety/GitHub/FUN3-5/build/motorsim_interfaces
[0.557s] Level 1:colcon.colcon_core.environment:create_environment_scripts_only(motorsim)
[0.558s] Level 1:colcon.colcon_core.environment:checking '/home/teety/GitHub/FUN3-5/install/motorsim' for CMake module files
[0.559s] Level 1:colcon.colcon_core.environment:checking '/home/teety/GitHub/FUN3-5/install/motorsim' for CMake config files
[0.559s] Level 1:colcon.colcon_core.shell:create_environment_hook('motorsim', 'cmake_prefix_path')
[0.559s] INFO:colcon.colcon_core.shell:Creating environment hook '/home/teety/GitHub/FUN3-5/install/motorsim/share/motorsim/hook/cmake_prefix_path.ps1'
[0.559s] INFO:colcon.colcon_core.shell:Creating environment descriptor '/home/teety/GitHub/FUN3-5/install/motorsim/share/motorsim/hook/cmake_prefix_path.dsv'
[0.559s] INFO:colcon.colcon_core.shell:Creating environment hook '/home/teety/GitHub/FUN3-5/install/motorsim/share/motorsim/hook/cmake_prefix_path.sh'
[0.560s] Level 1:colcon.colcon_core.environment:checking '/home/teety/GitHub/FUN3-5/install/motorsim/lib'
[0.560s] Level 1:colcon.colcon_core.environment:checking '/home/teety/GitHub/FUN3-5/install/motorsim/bin'
[0.560s] Level 1:colcon.colcon_core.environment:checking '/home/teety/GitHub/FUN3-5/install/motorsim/lib/pkgconfig/motorsim.pc'
[0.560s] Level 1:colcon.colcon_core.environment:checking '/home/teety/GitHub/FUN3-5/install/motorsim/lib/python3.10/site-packages'
[0.560s] Level 1:colcon.colcon_core.environment:checking '/home/teety/GitHub/FUN3-5/install/motorsim/bin'
[0.560s] INFO:colcon.colcon_core.shell:Creating package script '/home/teety/GitHub/FUN3-5/install/motorsim/share/motorsim/package.ps1'
[0.560s] INFO:colcon.colcon_core.shell:Creating package descriptor '/home/teety/GitHub/FUN3-5/install/motorsim/share/motorsim/package.dsv'
[0.560s] INFO:colcon.colcon_core.shell:Creating package script '/home/teety/GitHub/FUN3-5/install/motorsim/share/motorsim/package.sh'
[0.561s] INFO:colcon.colcon_core.shell:Creating package script '/home/teety/GitHub/FUN3-5/install/motorsim/share/motorsim/package.bash'
[0.561s] INFO:colcon.colcon_core.shell:Creating package script '/home/teety/GitHub/FUN3-5/install/motorsim/share/motorsim/package.zsh'
[0.561s] Level 1:colcon.colcon_core.environment:create_file_with_runtime_dependencies(/home/teety/GitHub/FUN3-5/install/motorsim/share/colcon-core/packages/motorsim)
[0.588s] Level 1:colcon.colcon_core.environment:create_environment_scripts_only(motorsim_interfaces)
[0.589s] Level 1:colcon.colcon_core.environment:checking '/home/teety/GitHub/FUN3-5/install/motorsim_interfaces' for CMake module files
[0.589s] DEBUG:colcon.colcon_core.event_handler.log_command:Invoked command in '/home/teety/GitHub/FUN3-5/build/motorsim_interfaces' returned '0': CMAKE_PREFIX_PATH=${CMAKE_PREFIX_PATH}:/home/teety/ros2_ws/install/launch_testing_examples:/home/teety/ros2_ws/install/examples_rclpy_pointcloud_publisher:/home/teety/ros2_ws/install/examples_rclpy_minimal_subscriber:/home/teety/ros2_ws/install/examples_rclpy_minimal_service:/home/teety/ros2_ws/install/examples_rclpy_minimal_publisher:/home/teety/ros2_ws/install/examples_rclpy_minimal_client:/home/teety/ros2_ws/install/examples_rclpy_minimal_action_server:/home/teety/ros2_ws/install/examples_rclpy_minimal_action_client:/home/teety/ros2_ws/install/examples_rclpy_guard_conditions:/home/teety/ros2_ws/install/examples_rclpy_executors:/home/teety/microros_ws/install/sensor_msgs_py:/opt/ros/humble /usr/local/bin/cmake --install /home/teety/GitHub/FUN3-5/build/motorsim_interfaces
[0.589s] Level 1:colcon.colcon_core.environment:checking '/home/teety/GitHub/FUN3-5/install/motorsim_interfaces' for CMake config files
[0.589s] Level 1:colcon.colcon_core.shell:create_environment_hook('motorsim_interfaces', 'cmake_prefix_path')
[0.589s] INFO:colcon.colcon_core.shell:Creating environment hook '/home/teety/GitHub/FUN3-5/install/motorsim_interfaces/share/motorsim_interfaces/hook/cmake_prefix_path.ps1'
[0.589s] INFO:colcon.colcon_core.shell:Creating environment descriptor '/home/teety/GitHub/FUN3-5/install/motorsim_interfaces/share/motorsim_interfaces/hook/cmake_prefix_path.dsv'
[0.589s] INFO:colcon.colcon_core.shell:Creating environment hook '/home/teety/GitHub/FUN3-5/install/motorsim_interfaces/share/motorsim_interfaces/hook/cmake_prefix_path.sh'
[0.590s] Level 1:colcon.colcon_core.environment:checking '/home/teety/GitHub/FUN3-5/install/motorsim_interfaces/lib'
[0.590s] Level 1:colcon.colcon_core.shell:create_environment_hook('motorsim_interfaces', 'ld_library_path_lib')
[0.590s] INFO:colcon.colcon_core.shell:Creating environment hook '/home/teety/GitHub/FUN3-5/install/motorsim_interfaces/share/motorsim_interfaces/hook/ld_library_path_lib.ps1'
[0.590s] INFO:colcon.colcon_core.shell:Creating environment descriptor '/home/teety/GitHub/FUN3-5/install/motorsim_interfaces/share/motorsim_interfaces/hook/ld_library_path_lib.dsv'
[0.590s] INFO:colcon.colcon_core.shell:Creating environment hook '/home/teety/GitHub/FUN3-5/install/motorsim_interfaces/share/motorsim_interfaces/hook/ld_library_path_lib.sh'
[0.590s] Level 1:colcon.colcon_core.environment:checking '/home/teety/GitHub/FUN3-5/install/motorsim_interfaces/bin'
[0.590s] Level 1:colcon.colcon_core.environment:checking '/home/teety/GitHub/FUN3-5/install/motorsim_interfaces/lib/pkgconfig/motorsim_interfaces.pc'
[0.590s] Level 1:colcon.colcon_core.environment:checking '/home/teety/GitHub/FUN3-5/install/motorsim_interfaces/lib/python3.10/site-packages'
[0.590s] Level 1:colcon.colcon_core.environment:checking '/home/teety/GitHub/FUN3-5/install/motorsim_interfaces/bin'
[0.591s] INFO:colcon.colcon_core.shell:Creating package script '/home/teety/GitHub/FUN3-5/install/motorsim_interfaces/share/motorsim_interfaces/package.ps1'
[0.591s] INFO:colcon.colcon_core.shell:Creating package descriptor '/home/teety/GitHub/FUN3-5/install/motorsim_interfaces/share/motorsim_interfaces/package.dsv'
[0.591s] INFO:colcon.colcon_core.shell:Creating package script '/home/teety/GitHub/FUN3-5/install/motorsim_interfaces/share/motorsim_interfaces/package.sh'
[0.591s] INFO:colcon.colcon_core.shell:Creating package script '/home/teety/GitHub/FUN3-5/install/motorsim_interfaces/share/motorsim_interfaces/package.bash'
[0.591s] INFO:colcon.colcon_core.shell:Creating package script '/home/teety/GitHub/FUN3-5/install/motorsim_interfaces/share/motorsim_interfaces/package.zsh'
[0.591s] Level 1:colcon.colcon_core.environment:create_file_with_runtime_dependencies(/home/teety/GitHub/FUN3-5/install/motorsim_interfaces/share/colcon-core/packages/motorsim_interfaces)
[0.680s] Level 1:colcon.colcon_core.environment:create_environment_scripts_only(motorsim_interfaces)
[0.681s] Level 1:colcon.colcon_core.environment:checking '/home/teety/GitHub/FUN3-5/install/motorsim_interfaces' for CMake module files
[0.681s] Level 1:colcon.colcon_core.environment:checking '/home/teety/GitHub/FUN3-5/install/motorsim_interfaces' for CMake config files
[0.681s] Level 1:colcon.colcon_core.shell:create_environment_hook('motorsim_interfaces', 'cmake_prefix_path')
[0.681s] INFO:colcon.colcon_core.shell:Creating environment hook '/home/teety/GitHub/FUN3-5/install/motorsim_interfaces/share/motorsim_interfaces/hook/cmake_prefix_path.ps1'
[0.681s] INFO:colcon.colcon_core.shell:Creating environment descriptor '/home/teety/GitHub/FUN3-5/install/motorsim_interfaces/share/motorsim_interfaces/hook/cmake_prefix_path.dsv'
[0.681s] INFO:colcon.colcon_core.shell:Creating environment hook '/home/teety/GitHub/FUN3-5/install/motorsim_interfaces/share/motorsim_interfaces/hook/cmake_prefix_path.sh'
[0.682s] Level 1:colcon.colcon_core.environment:checking '/home/teety/GitHub/FUN3-5/install/motorsim_interfaces/lib'
[0.682s] Level 1:colcon.colcon_core.shell:create_environment_hook('motorsim_interfaces', 'ld_library_path_lib')
[0.682s] INFO:colcon.colcon_core.shell:Creating environment hook '/home/teety/GitHub/FUN3-5/install/motorsim_interfaces/share/motorsim_interfaces/hook/ld_library_path_lib.ps1'
[0.682s] INFO:colcon.colcon_core.shell:Creating environment descriptor '/home/teety/GitHub/FUN3-5/install/motorsim_interfaces/share/motorsim_interfaces/hook/ld_library_path_lib.dsv'
[0.682s] INFO:colcon.colcon_core.shell:Creating environment hook '/home/teety/GitHub/FUN3-5/install/motorsim_interfaces/share/motorsim_interfaces/hook/ld_library_path_lib.sh'
[0.682s] Level 1:colcon.colcon_core.environment:checking '/home/teety/GitHub/FUN3-5/install/motorsim_interfaces/bin'
[0.682s] Level 1:colcon.colcon_core.environment:checking '/home/teety/GitHub/FUN3-5/install/motorsim_interfaces/lib/pkgconfig/motorsim_interfaces.pc'
[0.682s] Level 1:colcon.colcon_core.environment:checking '/home/teety/GitHub/FUN3-5/install/motorsim_interfaces/lib/python3.10/site-packages'
[0.682s] Level 1:colcon.colcon_core.environment:checking '/home/teety/GitHub/FUN3-5/install/motorsim_interfaces/bin'
[0.682s] INFO:colcon.colcon_core.shell:Creating package script '/home/teety/GitHub/FUN3-5/install/motorsim_interfaces/share/motorsim_interfaces/package.ps1'
[0.683s] INFO:colcon.colcon_core.shell:Creating package descriptor '/home/teety/GitHub/FUN3-5/install/motorsim_interfaces/share/motorsim_interfaces/package.dsv'
[0.683s] INFO:colcon.colcon_core.shell:Creating package script '/home/teety/GitHub/FUN3-5/install/motorsim_interfaces/share/motorsim_interfaces/package.sh'
[0.683s] INFO:colcon.colcon_core.shell:Creating package script '/home/teety/GitHub/FUN3-5/install/motorsim_interfaces/share/motorsim_interfaces/package.bash'
[0.683s] INFO:colcon.colcon_core.shell:Creating package script '/home/teety/GitHub/FUN3-5/install/motorsim_interfaces/share/motorsim_interfaces/package.zsh'
[0.683s] Level 1:colcon.colcon_core.environment:create_file_with_runtime_dependencies(/home/teety/GitHub/FUN3-5/install/motorsim_interfaces/share/colcon-core/packages/motorsim_interfaces)
[0.683s] DEBUG:colcon.colcon_parallel_executor.executor.parallel:closing loop
[0.683s] DEBUG:colcon.colcon_parallel_executor.executor.parallel:loop closed
[0.683s] DEBUG:colcon.colcon_parallel_executor.executor.parallel:run_until_complete finished with '0'
[0.683s] DEBUG:colcon.colcon_core.event_reactor:joining thread
[0.687s] INFO:colcon.colcon_core.plugin_system:Skipping extension 'colcon_notification.desktop_notification.terminal_notifier': Not used on non-Darwin systems
[0.687s] INFO:colcon.colcon_core.plugin_system:Skipping extension 'colcon_notification.desktop_notification.win32': Not used on non-Windows systems
[0.687s] INFO:colcon.colcon_notification.desktop_notification:Sending desktop notification using 'notify2'
[0.693s] DEBUG:colcon.colcon_core.event_reactor:joined thread
[0.693s] INFO:colcon.colcon_core.shell:Creating prefix script '/home/teety/GitHub/FUN3-5/install/local_setup.ps1'
[0.694s] INFO:colcon.colcon_core.shell:Creating prefix util module '/home/teety/GitHub/FUN3-5/install/_local_setup_util_ps1.py'
[0.694s] INFO:colcon.colcon_core.shell:Creating prefix chain script '/home/teety/GitHub/FUN3-5/install/setup.ps1'
[0.696s] INFO:colcon.colcon_core.shell:Creating prefix script '/home/teety/GitHub/FUN3-5/install/local_setup.sh'
[0.696s] INFO:colcon.colcon_core.shell:Creating prefix util module '/home/teety/GitHub/FUN3-5/install/_local_setup_util_sh.py'
[0.696s] INFO:colcon.colcon_core.shell:Creating prefix chain script '/home/teety/GitHub/FUN3-5/install/setup.sh'
[0.697s] INFO:colcon.colcon_core.shell:Creating prefix script '/home/teety/GitHub/FUN3-5/install/local_setup.bash'
[0.697s] INFO:colcon.colcon_core.shell:Creating prefix chain script '/home/teety/GitHub/FUN3-5/install/setup.bash'
[0.699s] INFO:colcon.colcon_core.shell:Creating prefix script '/home/teety/GitHub/FUN3-5/install/local_setup.zsh'
[0.699s] INFO:colcon.colcon_core.shell:Creating prefix chain script '/home/teety/GitHub/FUN3-5/install/setup.zsh'
