[  2%] Built target motorsim_interfaces__cpp
[ 10%] Built target motorsim_interfaces__rosidl_generator_c
[ 10%] Built target ament_cmake_python_copy_motorsim_interfaces
[ 30%] Built target motorsim_interfaces__rosidl_typesupport_introspection_c
[ 30%] Built target motorsim_interfaces__rosidl_typesupport_c
[ 41%] Built target motorsim_interfaces__rosidl_typesupport_fastrtps_cpp
[ 41%] Built target motorsim_interfaces__rosidl_typesupport_introspection_cpp
[ 48%] Built target motorsim_interfaces__rosidl_typesupport_microxrcedds_cpp
[ 56%] Built target motorsim_interfaces__rosidl_typesupport_microxrcedds_c
[ 71%] Built target motorsim_interfaces__rosidl_typesupport_cpp
[ 71%] Built target motorsim_interfaces__rosidl_typesupport_fastrtps_c
[ 71%] Built target motorsim_interfaces
[ 74%] Built target motorsim_interfaces__py
[ 79%] Built target motorsim_interfaces__rosidl_generator_py
[ 84%] Built target motorsim_interfaces__rosidl_typesupport_microxrcedds_c__pyext
[ 89%] Built target motorsim_interfaces__rosidl_typesupport_fastrtps_c__pyext
[100%] Built target motorsim_interfaces__rosidl_typesupport_c__pyext
[100%] Built target motorsim_interfaces__rosidl_typesupport_introspection_c__pyext
running egg_info
writing motorsim_interfaces.egg-info/PKG-INFO
writing dependency_links to motorsim_interfaces.egg-info/dependency_links.txt
writing top-level names to motorsim_interfaces.egg-info/top_level.txt
reading manifest file 'motorsim_interfaces.egg-info/SOURCES.txt'
writing manifest file 'motorsim_interfaces.egg-info/SOURCES.txt'
[100%] Built target ament_cmake_python_build_motorsim_interfaces_egg
-- Install configuration: ""
-- Up-to-date: /home/teety/GitHub/FUN3-5/install/motorsim_interfaces/share/ament_index/resource_index/rosidl_interfaces/motorsim_interfaces
-- Up-to-date: /home/teety/GitHub/FUN3-5/install/motorsim_interfaces/include/motorsim_interfaces/motorsim_interfaces
-- Up-to-date: /home/teety/GitHub/FUN3-5/install/motorsim_interfaces/include/motorsim_interfaces/motorsim_interfaces/srv
-- Up-to-date: /home/teety/GitHub/FUN3-5/install/motorsim_interfaces/include/motorsim_interfaces/motorsim_interfaces/srv/motor_spawn.h
-- Up-to-date: /home/teety/GitHub/FUN3-5/install/motorsim_interfaces/include/motorsim_interfaces/motorsim_interfaces/srv/detail
-- Up-to-date: /home/teety/GitHub/FUN3-5/install/motorsim_interfaces/include/motorsim_interfaces/motorsim_interfaces/srv/detail/motor_spawn__functions.c
-- Up-to-date: /home/teety/GitHub/FUN3-5/install/motorsim_interfaces/include/motorsim_interfaces/motorsim_interfaces/srv/detail/motor_spawn__type_support.h
-- Up-to-date: /home/teety/GitHub/FUN3-5/install/motorsim_interfaces/include/motorsim_interfaces/motorsim_interfaces/srv/detail/motor_spawn__functions.h
-- Up-to-date: /home/teety/GitHub/FUN3-5/install/motorsim_interfaces/include/motorsim_interfaces/motorsim_interfaces/srv/detail/motor_spawn__struct.h
-- Up-to-date: /home/teety/GitHub/FUN3-5/install/motorsim_interfaces/include/motorsim_interfaces/motorsim_interfaces/msg
-- Up-to-date: /home/teety/GitHub/FUN3-5/install/motorsim_interfaces/include/motorsim_interfaces/motorsim_interfaces/msg/rosidl_generator_c__visibility_control.h
-- Up-to-date: /home/teety/GitHub/FUN3-5/install/motorsim_interfaces/share/motorsim_interfaces/environment/library_path.sh
-- Up-to-date: /home/teety/GitHub/FUN3-5/install/motorsim_interfaces/share/motorsim_interfaces/environment/library_path.dsv
-- Up-to-date: /home/teety/GitHub/FUN3-5/install/motorsim_interfaces/lib/libmotorsim_interfaces__rosidl_generator_c.so
-- Up-to-date: /home/teety/GitHub/FUN3-5/install/motorsim_interfaces/include/motorsim_interfaces
-- Up-to-date: /home/teety/GitHub/FUN3-5/install/motorsim_interfaces/include/motorsim_interfaces/srv
-- Up-to-date: /home/teety/GitHub/FUN3-5/install/motorsim_interfaces/include/motorsim_interfaces/srv/detail
-- Up-to-date: /home/teety/GitHub/FUN3-5/install/motorsim_interfaces/include/motorsim_interfaces/srv/detail/motor_spawn__rosidl_typesupport_microxrcedds_c.h
-- Up-to-date: /home/teety/GitHub/FUN3-5/install/motorsim_interfaces/include/motorsim_interfaces/srv/detail/microxrcedds
-- Up-to-date: /home/teety/GitHub/FUN3-5/install/motorsim_interfaces/include/motorsim_interfaces/msg
-- Up-to-date: /home/teety/GitHub/FUN3-5/install/motorsim_interfaces/include/motorsim_interfaces/msg/rosidl_typesupport_microxrcedds_c__visibility_control.h
-- Up-to-date: /home/teety/GitHub/FUN3-5/install/motorsim_interfaces/lib/libmotorsim_interfaces__rosidl_typesupport_microxrcedds_c.so
-- Up-to-date: /home/teety/GitHub/FUN3-5/install/motorsim_interfaces/include/motorsim_interfaces/motorsim_interfaces
-- Up-to-date: /home/teety/GitHub/FUN3-5/install/motorsim_interfaces/include/motorsim_interfaces/motorsim_interfaces/srv
-- Up-to-date: /home/teety/GitHub/FUN3-5/install/motorsim_interfaces/include/motorsim_interfaces/motorsim_interfaces/srv/detail
-- Up-to-date: /home/teety/GitHub/FUN3-5/install/motorsim_interfaces/include/motorsim_interfaces/motorsim_interfaces/srv/detail/motor_spawn__rosidl_typesupport_fastrtps_c.h
-- Up-to-date: /home/teety/GitHub/FUN3-5/install/motorsim_interfaces/include/motorsim_interfaces/motorsim_interfaces/msg
-- Up-to-date: /home/teety/GitHub/FUN3-5/install/motorsim_interfaces/include/motorsim_interfaces/motorsim_interfaces/msg/rosidl_typesupport_fastrtps_c__visibility_control.h
-- Up-to-date: /home/teety/GitHub/FUN3-5/install/motorsim_interfaces/lib/libmotorsim_interfaces__rosidl_typesupport_fastrtps_c.so
-- Up-to-date: /home/teety/GitHub/FUN3-5/install/motorsim_interfaces/include/motorsim_interfaces/motorsim_interfaces
-- Up-to-date: /home/teety/GitHub/FUN3-5/install/motorsim_interfaces/include/motorsim_interfaces/motorsim_interfaces/srv
-- Up-to-date: /home/teety/GitHub/FUN3-5/install/motorsim_interfaces/include/motorsim_interfaces/motorsim_interfaces/srv/detail
-- Up-to-date: /home/teety/GitHub/FUN3-5/install/motorsim_interfaces/include/motorsim_interfaces/motorsim_interfaces/srv/detail/motor_spawn__type_support.c
-- Up-to-date: /home/teety/GitHub/FUN3-5/install/motorsim_interfaces/include/motorsim_interfaces/motorsim_interfaces/srv/detail/motor_spawn__rosidl_typesupport_introspection_c.h
-- Up-to-date: /home/teety/GitHub/FUN3-5/install/motorsim_interfaces/include/motorsim_interfaces/motorsim_interfaces/msg
-- Up-to-date: /home/teety/GitHub/FUN3-5/install/motorsim_interfaces/include/motorsim_interfaces/motorsim_interfaces/msg/rosidl_typesupport_introspection_c__visibility_control.h
-- Up-to-date: /home/teety/GitHub/FUN3-5/install/motorsim_interfaces/lib/libmotorsim_interfaces__rosidl_typesupport_introspection_c.so
-- Up-to-date: /home/teety/GitHub/FUN3-5/install/motorsim_interfaces/lib/libmotorsim_interfaces__rosidl_typesupport_c.so
-- Up-to-date: /home/teety/GitHub/FUN3-5/install/motorsim_interfaces/include/motorsim_interfaces/motorsim_interfaces
-- Up-to-date: /home/teety/GitHub/FUN3-5/install/motorsim_interfaces/include/motorsim_interfaces/motorsim_interfaces/srv
-- Up-to-date: /home/teety/GitHub/FUN3-5/install/motorsim_interfaces/include/motorsim_interfaces/motorsim_interfaces/srv/detail
-- Up-to-date: /home/teety/GitHub/FUN3-5/install/motorsim_interfaces/include/motorsim_interfaces/motorsim_interfaces/srv/detail/motor_spawn__struct.hpp
-- Up-to-date: /home/teety/GitHub/FUN3-5/install/motorsim_interfaces/include/motorsim_interfaces/motorsim_interfaces/srv/detail/motor_spawn__traits.hpp
-- Up-to-date: /home/teety/GitHub/FUN3-5/install/motorsim_interfaces/include/motorsim_interfaces/motorsim_interfaces/srv/detail/motor_spawn__builder.hpp
-- Up-to-date: /home/teety/GitHub/FUN3-5/install/motorsim_interfaces/include/motorsim_interfaces/motorsim_interfaces/srv/motor_spawn.hpp
-- Up-to-date: /home/teety/GitHub/FUN3-5/install/motorsim_interfaces/include/motorsim_interfaces
-- Up-to-date: /home/teety/GitHub/FUN3-5/install/motorsim_interfaces/include/motorsim_interfaces/srv
-- Up-to-date: /home/teety/GitHub/FUN3-5/install/motorsim_interfaces/include/motorsim_interfaces/srv/detail
-- Up-to-date: /home/teety/GitHub/FUN3-5/install/motorsim_interfaces/include/motorsim_interfaces/srv/detail/motor_spawn__rosidl_typesupport_microxrcedds_cpp.hpp
-- Up-to-date: /home/teety/GitHub/FUN3-5/install/motorsim_interfaces/include/motorsim_interfaces/srv/detail/microxrcedds
-- Up-to-date: /home/teety/GitHub/FUN3-5/install/motorsim_interfaces/include/motorsim_interfaces/srv/detail/microxrcedds/motor_spawn__type_support_cpp.cpp
-- Up-to-date: /home/teety/GitHub/FUN3-5/install/motorsim_interfaces/include/motorsim_interfaces/msg
-- Up-to-date: /home/teety/GitHub/FUN3-5/install/motorsim_interfaces/include/motorsim_interfaces/msg/rosidl_typesupport_microxrcedds_cpp__visibility_control.h
-- Up-to-date: /home/teety/GitHub/FUN3-5/install/motorsim_interfaces/lib/libmotorsim_interfaces__rosidl_typesupport_microxrcedds_cpp.so
-- Up-to-date: /home/teety/GitHub/FUN3-5/install/motorsim_interfaces/include/motorsim_interfaces/motorsim_interfaces
-- Up-to-date: /home/teety/GitHub/FUN3-5/install/motorsim_interfaces/include/motorsim_interfaces/motorsim_interfaces/srv
-- Up-to-date: /home/teety/GitHub/FUN3-5/install/motorsim_interfaces/include/motorsim_interfaces/motorsim_interfaces/srv/detail
-- Up-to-date: /home/teety/GitHub/FUN3-5/install/motorsim_interfaces/include/motorsim_interfaces/motorsim_interfaces/srv/detail/motor_spawn__rosidl_typesupport_fastrtps_cpp.hpp
-- Up-to-date: /home/teety/GitHub/FUN3-5/install/motorsim_interfaces/include/motorsim_interfaces/motorsim_interfaces/srv/detail/dds_fastrtps
-- Up-to-date: /home/teety/GitHub/FUN3-5/install/motorsim_interfaces/include/motorsim_interfaces/motorsim_interfaces/msg
-- Up-to-date: /home/teety/GitHub/FUN3-5/install/motorsim_interfaces/include/motorsim_interfaces/motorsim_interfaces/msg/rosidl_typesupport_fastrtps_cpp__visibility_control.h
-- Up-to-date: /home/teety/GitHub/FUN3-5/install/motorsim_interfaces/lib/libmotorsim_interfaces__rosidl_typesupport_fastrtps_cpp.so
-- Up-to-date: /home/teety/GitHub/FUN3-5/install/motorsim_interfaces/include/motorsim_interfaces/motorsim_interfaces
-- Up-to-date: /home/teety/GitHub/FUN3-5/install/motorsim_interfaces/include/motorsim_interfaces/motorsim_interfaces/srv
-- Up-to-date: /home/teety/GitHub/FUN3-5/install/motorsim_interfaces/include/motorsim_interfaces/motorsim_interfaces/srv/detail
-- Up-to-date: /home/teety/GitHub/FUN3-5/install/motorsim_interfaces/include/motorsim_interfaces/motorsim_interfaces/srv/detail/motor_spawn__rosidl_typesupport_introspection_cpp.hpp
-- Up-to-date: /home/teety/GitHub/FUN3-5/install/motorsim_interfaces/include/motorsim_interfaces/motorsim_interfaces/srv/detail/motor_spawn__type_support.cpp
-- Up-to-date: /home/teety/GitHub/FUN3-5/install/motorsim_interfaces/lib/libmotorsim_interfaces__rosidl_typesupport_introspection_cpp.so
-- Up-to-date: /home/teety/GitHub/FUN3-5/install/motorsim_interfaces/lib/libmotorsim_interfaces__rosidl_typesupport_cpp.so
-- Up-to-date: /home/teety/GitHub/FUN3-5/install/motorsim_interfaces/share/motorsim_interfaces/environment/pythonpath.sh
-- Up-to-date: /home/teety/GitHub/FUN3-5/install/motorsim_interfaces/share/motorsim_interfaces/environment/pythonpath.dsv
-- Up-to-date: /home/teety/GitHub/FUN3-5/install/motorsim_interfaces/local/lib/python3.10/dist-packages/motorsim_interfaces-0.0.0-py3.10.egg-info
-- Installing: /home/teety/GitHub/FUN3-5/install/motorsim_interfaces/local/lib/python3.10/dist-packages/motorsim_interfaces-0.0.0-py3.10.egg-info/top_level.txt
-- Installing: /home/teety/GitHub/FUN3-5/install/motorsim_interfaces/local/lib/python3.10/dist-packages/motorsim_interfaces-0.0.0-py3.10.egg-info/dependency_links.txt
-- Installing: /home/teety/GitHub/FUN3-5/install/motorsim_interfaces/local/lib/python3.10/dist-packages/motorsim_interfaces-0.0.0-py3.10.egg-info/PKG-INFO
-- Installing: /home/teety/GitHub/FUN3-5/install/motorsim_interfaces/local/lib/python3.10/dist-packages/motorsim_interfaces-0.0.0-py3.10.egg-info/SOURCES.txt
-- Up-to-date: /home/teety/GitHub/FUN3-5/install/motorsim_interfaces/local/lib/python3.10/dist-packages/motorsim_interfaces
-- Up-to-date: /home/teety/GitHub/FUN3-5/install/motorsim_interfaces/local/lib/python3.10/dist-packages/motorsim_interfaces/srv
-- Up-to-date: /home/teety/GitHub/FUN3-5/install/motorsim_interfaces/local/lib/python3.10/dist-packages/motorsim_interfaces/srv/__init__.py
-- Up-to-date: /home/teety/GitHub/FUN3-5/install/motorsim_interfaces/local/lib/python3.10/dist-packages/motorsim_interfaces/srv/_motor_spawn.py
-- Up-to-date: /home/teety/GitHub/FUN3-5/install/motorsim_interfaces/local/lib/python3.10/dist-packages/motorsim_interfaces/srv/_motor_spawn_s.c
-- Up-to-date: /home/teety/GitHub/FUN3-5/install/motorsim_interfaces/local/lib/python3.10/dist-packages/motorsim_interfaces/motorsim_interfaces_s__rosidl_typesupport_fastrtps_c.cpython-310-x86_64-linux-gnu.so
-- Up-to-date: /home/teety/GitHub/FUN3-5/install/motorsim_interfaces/local/lib/python3.10/dist-packages/motorsim_interfaces/motorsim_interfaces_s__rosidl_typesupport_c.cpython-310-x86_64-linux-gnu.so
-- Up-to-date: /home/teety/GitHub/FUN3-5/install/motorsim_interfaces/local/lib/python3.10/dist-packages/motorsim_interfaces/__init__.py
-- Up-to-date: /home/teety/GitHub/FUN3-5/install/motorsim_interfaces/local/lib/python3.10/dist-packages/motorsim_interfaces/_motorsim_interfaces_s.ep.rosidl_typesupport_fastrtps_c.c
-- Up-to-date: /home/teety/GitHub/FUN3-5/install/motorsim_interfaces/local/lib/python3.10/dist-packages/motorsim_interfaces/_motorsim_interfaces_s.ep.rosidl_typesupport_microxrcedds_c.c
-- Up-to-date: /home/teety/GitHub/FUN3-5/install/motorsim_interfaces/local/lib/python3.10/dist-packages/motorsim_interfaces/motorsim_interfaces_s__rosidl_typesupport_microxrcedds_c.cpython-310-x86_64-linux-gnu.so
-- Up-to-date: /home/teety/GitHub/FUN3-5/install/motorsim_interfaces/local/lib/python3.10/dist-packages/motorsim_interfaces/motorsim_interfaces_s__rosidl_typesupport_introspection_c.cpython-310-x86_64-linux-gnu.so
-- Up-to-date: /home/teety/GitHub/FUN3-5/install/motorsim_interfaces/local/lib/python3.10/dist-packages/motorsim_interfaces/_motorsim_interfaces_s.ep.rosidl_typesupport_introspection_c.c
-- Up-to-date: /home/teety/GitHub/FUN3-5/install/motorsim_interfaces/local/lib/python3.10/dist-packages/motorsim_interfaces/libmotorsim_interfaces__rosidl_generator_py.so
-- Up-to-date: /home/teety/GitHub/FUN3-5/install/motorsim_interfaces/local/lib/python3.10/dist-packages/motorsim_interfaces/_motorsim_interfaces_s.ep.rosidl_typesupport_c.c
Listing '/home/teety/GitHub/FUN3-5/install/motorsim_interfaces/local/lib/python3.10/dist-packages/motorsim_interfaces'...
Listing '/home/teety/GitHub/FUN3-5/install/motorsim_interfaces/local/lib/python3.10/dist-packages/motorsim_interfaces/srv'...
-- Up-to-date: /home/teety/GitHub/FUN3-5/install/motorsim_interfaces/local/lib/python3.10/dist-packages/motorsim_interfaces/motorsim_interfaces_s__rosidl_typesupport_microxrcedds_c.cpython-310-x86_64-linux-gnu.so
-- Up-to-date: /home/teety/GitHub/FUN3-5/install/motorsim_interfaces/local/lib/python3.10/dist-packages/motorsim_interfaces/motorsim_interfaces_s__rosidl_typesupport_fastrtps_c.cpython-310-x86_64-linux-gnu.so
-- Up-to-date: /home/teety/GitHub/FUN3-5/install/motorsim_interfaces/local/lib/python3.10/dist-packages/motorsim_interfaces/motorsim_interfaces_s__rosidl_typesupport_introspection_c.cpython-310-x86_64-linux-gnu.so
-- Up-to-date: /home/teety/GitHub/FUN3-5/install/motorsim_interfaces/local/lib/python3.10/dist-packages/motorsim_interfaces/motorsim_interfaces_s__rosidl_typesupport_c.cpython-310-x86_64-linux-gnu.so
-- Up-to-date: /home/teety/GitHub/FUN3-5/install/motorsim_interfaces/lib/libmotorsim_interfaces__rosidl_generator_py.so
-- Up-to-date: /home/teety/GitHub/FUN3-5/install/motorsim_interfaces/share/motorsim_interfaces/srv/MotorSpawn.idl
-- Up-to-date: /home/teety/GitHub/FUN3-5/install/motorsim_interfaces/share/motorsim_interfaces/srv/MotorSpawn.srv
-- Up-to-date: /home/teety/GitHub/FUN3-5/install/motorsim_interfaces/share/motorsim_interfaces/srv/MotorSpawn_Request.msg
-- Up-to-date: /home/teety/GitHub/FUN3-5/install/motorsim_interfaces/share/motorsim_interfaces/srv/MotorSpawn_Response.msg
-- Up-to-date: /home/teety/GitHub/FUN3-5/install/motorsim_interfaces/share/ament_index/resource_index/package_run_dependencies/motorsim_interfaces
-- Up-to-date: /home/teety/GitHub/FUN3-5/install/motorsim_interfaces/share/ament_index/resource_index/parent_prefix_path/motorsim_interfaces
-- Up-to-date: /home/teety/GitHub/FUN3-5/install/motorsim_interfaces/share/motorsim_interfaces/environment/ament_prefix_path.sh
-- Up-to-date: /home/teety/GitHub/FUN3-5/install/motorsim_interfaces/share/motorsim_interfaces/environment/ament_prefix_path.dsv
-- Up-to-date: /home/teety/GitHub/FUN3-5/install/motorsim_interfaces/share/motorsim_interfaces/environment/path.sh
-- Up-to-date: /home/teety/GitHub/FUN3-5/install/motorsim_interfaces/share/motorsim_interfaces/environment/path.dsv
-- Up-to-date: /home/teety/GitHub/FUN3-5/install/motorsim_interfaces/share/motorsim_interfaces/local_setup.bash
-- Up-to-date: /home/teety/GitHub/FUN3-5/install/motorsim_interfaces/share/motorsim_interfaces/local_setup.sh
-- Up-to-date: /home/teety/GitHub/FUN3-5/install/motorsim_interfaces/share/motorsim_interfaces/local_setup.zsh
-- Up-to-date: /home/teety/GitHub/FUN3-5/install/motorsim_interfaces/share/motorsim_interfaces/local_setup.dsv
-- Installing: /home/teety/GitHub/FUN3-5/install/motorsim_interfaces/share/motorsim_interfaces/package.dsv
-- Up-to-date: /home/teety/GitHub/FUN3-5/install/motorsim_interfaces/share/ament_index/resource_index/packages/motorsim_interfaces
-- Up-to-date: /home/teety/GitHub/FUN3-5/install/motorsim_interfaces/share/motorsim_interfaces/cmake/export_motorsim_interfaces__rosidl_generator_cExport.cmake
-- Up-to-date: /home/teety/GitHub/FUN3-5/install/motorsim_interfaces/share/motorsim_interfaces/cmake/export_motorsim_interfaces__rosidl_generator_cExport-noconfig.cmake
-- Up-to-date: /home/teety/GitHub/FUN3-5/install/motorsim_interfaces/share/motorsim_interfaces/cmake/export_motorsim_interfaces__rosidl_typesupport_fastrtps_cExport.cmake
-- Up-to-date: /home/teety/GitHub/FUN3-5/install/motorsim_interfaces/share/motorsim_interfaces/cmake/export_motorsim_interfaces__rosidl_typesupport_fastrtps_cExport-noconfig.cmake
-- Up-to-date: /home/teety/GitHub/FUN3-5/install/motorsim_interfaces/share/motorsim_interfaces/cmake/motorsim_interfaces__rosidl_typesupport_introspection_cExport.cmake
-- Up-to-date: /home/teety/GitHub/FUN3-5/install/motorsim_interfaces/share/motorsim_interfaces/cmake/motorsim_interfaces__rosidl_typesupport_introspection_cExport-noconfig.cmake
-- Up-to-date: /home/teety/GitHub/FUN3-5/install/motorsim_interfaces/share/motorsim_interfaces/cmake/motorsim_interfaces__rosidl_typesupport_cExport.cmake
-- Up-to-date: /home/teety/GitHub/FUN3-5/install/motorsim_interfaces/share/motorsim_interfaces/cmake/motorsim_interfaces__rosidl_typesupport_cExport-noconfig.cmake
-- Up-to-date: /home/teety/GitHub/FUN3-5/install/motorsim_interfaces/share/motorsim_interfaces/cmake/export_motorsim_interfaces__rosidl_generator_cppExport.cmake
-- Up-to-date: /home/teety/GitHub/FUN3-5/install/motorsim_interfaces/share/motorsim_interfaces/cmake/export_motorsim_interfaces__rosidl_typesupport_fastrtps_cppExport.cmake
-- Up-to-date: /home/teety/GitHub/FUN3-5/install/motorsim_interfaces/share/motorsim_interfaces/cmake/export_motorsim_interfaces__rosidl_typesupport_fastrtps_cppExport-noconfig.cmake
-- Up-to-date: /home/teety/GitHub/FUN3-5/install/motorsim_interfaces/share/motorsim_interfaces/cmake/motorsim_interfaces__rosidl_typesupport_introspection_cppExport.cmake
-- Up-to-date: /home/teety/GitHub/FUN3-5/install/motorsim_interfaces/share/motorsim_interfaces/cmake/motorsim_interfaces__rosidl_typesupport_introspection_cppExport-noconfig.cmake
-- Up-to-date: /home/teety/GitHub/FUN3-5/install/motorsim_interfaces/share/motorsim_interfaces/cmake/motorsim_interfaces__rosidl_typesupport_cppExport.cmake
-- Up-to-date: /home/teety/GitHub/FUN3-5/install/motorsim_interfaces/share/motorsim_interfaces/cmake/motorsim_interfaces__rosidl_typesupport_cppExport-noconfig.cmake
-- Up-to-date: /home/teety/GitHub/FUN3-5/install/motorsim_interfaces/share/motorsim_interfaces/cmake/export_motorsim_interfaces__rosidl_generator_pyExport.cmake
-- Up-to-date: /home/teety/GitHub/FUN3-5/install/motorsim_interfaces/share/motorsim_interfaces/cmake/export_motorsim_interfaces__rosidl_generator_pyExport-noconfig.cmake
-- Up-to-date: /home/teety/GitHub/FUN3-5/install/motorsim_interfaces/share/motorsim_interfaces/cmake/rosidl_cmake-extras.cmake
-- Up-to-date: /home/teety/GitHub/FUN3-5/install/motorsim_interfaces/share/motorsim_interfaces/cmake/ament_cmake_export_include_directories-extras.cmake
-- Up-to-date: /home/teety/GitHub/FUN3-5/install/motorsim_interfaces/share/motorsim_interfaces/cmake/ament_cmake_export_libraries-extras.cmake
-- Up-to-date: /home/teety/GitHub/FUN3-5/install/motorsim_interfaces/share/motorsim_interfaces/cmake/ament_cmake_export_targets-extras.cmake
-- Up-to-date: /home/teety/GitHub/FUN3-5/install/motorsim_interfaces/share/motorsim_interfaces/cmake/rosidl_cmake_export_typesupport_targets-extras.cmake
-- Up-to-date: /home/teety/GitHub/FUN3-5/install/motorsim_interfaces/share/motorsim_interfaces/cmake/ament_cmake_export_dependencies-extras.cmake
-- Up-to-date: /home/teety/GitHub/FUN3-5/install/motorsim_interfaces/share/motorsim_interfaces/cmake/rosidl_cmake_export_typesupport_libraries-extras.cmake
-- Up-to-date: /home/teety/GitHub/FUN3-5/install/motorsim_interfaces/share/motorsim_interfaces/cmake/motorsim_interfacesConfig.cmake
-- Up-to-date: /home/teety/GitHub/FUN3-5/install/motorsim_interfaces/share/motorsim_interfaces/cmake/motorsim_interfacesConfig-version.cmake
-- Up-to-date: /home/teety/GitHub/FUN3-5/install/motorsim_interfaces/share/motorsim_interfaces/package.xml
